Copyright 1986-2022 Xilinx, Inc. All Rights Reserved. Copyright 2022-2023 Advanced Micro Devices, Inc. All Rights Reserved.
--------------------------------------------------------------------------------------------------------------------------------------------------
| Tool Version      : Vivado v.2023.2 (lin64) Build 4029153 Fri Oct 13 20:13:54 MDT 2023
| Date              : Wed Feb  4 11:36:22 2026
| Host              : ubuntu running 64-bit Ubuntu 24.04.3 LTS
| Command           : report_clock_utilization -file design_1_wrapper_clock_utilization_routed.rpt
| Design            : design_1_wrapper
| Device            : xck26-sfvc784
| Speed File        : -2LV  PRODUCTION 1.30 05-15-2022
| Temperature Grade : C
| Design State      : Routed
--------------------------------------------------------------------------------------------------------------------------------------------------

Clock Utilization Report

Table of Contents
-----------------
1. Clock Primitive Utilization
2. Global Clock Resources
3. Global Clock Source Details
4. Clock Regions : Clock Primitives
5. Clock Regions : Load Primitives
6. Clock Regions : Global Clock Summary
7. Clock Regions : Routing Resource Utilization
8. Device Cell Placement Summary for Global Clock g0
9. Device Cell Placement Summary for Global Clock g1
10. Device Cell Placement Summary for Global Clock g2
11. Device Cell Placement Summary for Global Clock g3
12. Device Cell Placement Summary for Global Clock g4
13. Clock Region Cell Placement per Global Clock: Region X0Y1
14. Clock Region Cell Placement per Global Clock: Region X1Y1
15. Clock Region Cell Placement per Global Clock: Region X0Y2
16. Clock Region Cell Placement per Global Clock: Region X1Y2
17. Clock Region Cell Placement per Global Clock: Region X0Y3
18. Clock Region Cell Placement per Global Clock: Region X1Y3

1. Clock Primitive Utilization
------------------------------

+------------+------+-----------+-----+--------------+--------+
| Type       | Used | Available | LOC | Clock Region | Pblock |
+------------+------+-----------+-----+--------------+--------+
| BUFGCE     |    4 |       112 |   0 |            0 |      0 |
| BUFGCE_DIV |    0 |        16 |   0 |            0 |      0 |
| BUFGCTRL   |    0 |        32 |   0 |            0 |      0 |
| BUFG_GT    |    0 |        96 |   0 |            0 |      0 |
| BUFG_PS    |    1 |        96 |   0 |            0 |      0 |
| MMCM       |    0 |         4 |   0 |            0 |      0 |
| PLL        |    0 |         8 |   0 |            0 |      0 |
+------------+------+-----------+-----+--------------+--------+


2. Global Clock Resources
-------------------------

+-----------+-----------+-----------------+------------+---------------+--------------+------------+-------------------+------------------+-------------------+-------------+-----------------+--------------+----------+-------------------------------------------------------------------------------------------------------------------------------------------+--------------------------------------------------------------------------------------------------------------------------------------+
| Global Id | Source Id | Driver Type/Pin | Constraint | Site          | Clock Region | Root       | Clock Delay Group | Clock Low Fanout | Load Clock Region | Clock Loads | Non-Clock Loads | Clock Period | Clock    | Driver Pin                                                                                                                                | Net                                                                                                                                  |
+-----------+-----------+-----------------+------------+---------------+--------------+------------+-------------------+------------------+-------------------+-------------+-----------------+--------------+----------+-------------------------------------------------------------------------------------------------------------------------------------------+--------------------------------------------------------------------------------------------------------------------------------------+
| g0        | src0      | BUFG_PS/O       | None       | BUFG_PS_X0Y94 | X0Y3         | X0Y1, X0Y3 |                   |                  |                 6 |       14480 |               0 |       10.000 | clk_pl_0 | design_1_i/zynq_ultra_ps_e_0/inst/buffer_pl_clk_0.PL_CLK_0_BUFG/O                                                                         | design_1_i/zynq_ultra_ps_e_0/inst/pl_clk0                                                                                            |
| g1        | src0      | BUFGCE/O        | None       | BUFGCE_X0Y24  | X1Y1         | X0Y2       |                   |                  |                 4 |        6595 |               0 |       10.000 | clk_pl_0 | design_1_i/chaos_crypto_engine_0/div_i_1/O                                                                                                | design_1_i/chaos_crypto_engine_0/chaos_crypto_engine_v1_0_S00_AXI_inst/crypto_engine_core_inst/u_prng/gated_clk2                     |
| g2        | src0      | BUFGCE/O        | None       | BUFGCE_X0Y25  | X1Y1         | X0Y2       |                   |                  |                 3 |        5507 |               0 |       10.000 | clk_pl_0 | design_1_i/chaos_crypto_engine_0/mul_block[0].mul_inst_i_1__0/O                                                                           | design_1_i/chaos_crypto_engine_0/chaos_crypto_engine_v1_0_S00_AXI_inst/crypto_engine_core_inst/u_prng/gated_clk3                     |
| g3        | src0      | BUFGCE/O        | None       | BUFGCE_X0Y17  | X1Y0         | X0Y2       |                   |                  |                 6 |        1729 |               3 |       10.000 | clk_pl_0 | design_1_i/chaos_crypto_engine_0/inst/chaos_crypto_engine_v1_0_S00_AXI_inst/crypto_engine_core_inst/u_bufgce/O                            | design_1_i/chaos_crypto_engine_0/inst/chaos_crypto_engine_v1_0_S00_AXI_inst/crypto_engine_core_inst/u_bufgce_0                       |
| g4        | src0      | BUFGCE/O        | None       | BUFGCE_X0Y26  | X1Y1         | X0Y2       |                   |                  |                 3 |         381 |               0 |       10.000 | clk_pl_0 | design_1_i/chaos_crypto_engine_0/inst/chaos_crypto_engine_v1_0_S00_AXI_inst/crypto_engine_core_inst/u_prng/clock_gater_1/aclk_BUFG_inst/O | design_1_i/chaos_crypto_engine_0/inst/chaos_crypto_engine_v1_0_S00_AXI_inst/crypto_engine_core_inst/u_prng/clock_gater_1/aclk_BUFGCE |
+-----------+-----------+-----------------+------------+---------------+--------------+------------+-------------------+------------------+-------------------+-------------+-----------------+--------------+----------+-------------------------------------------------------------------------------------------------------------------------------------------+--------------------------------------------------------------------------------------------------------------------------------------+
* Clock Loads column represents cell count of net connects that connect to a clock pin. Internal cell leaf pins are not considered
** Non-Clock Loads column represents cell count of non-clock pin loads


3. Global Clock Source Details
------------------------------

+-----------+-----------+-----------------+------------+---------------+--------------+-------------+-----------------+---------------------+--------------+------------------------------------------------------------------------------------------------------------------------------------------------------+-----------------------------------------------------------------------------------------------------------------------------------+
| Source Id | Global Id | Driver Type/Pin | Constraint | Site          | Clock Region | Clock Loads | Non-Clock Loads | Source Clock Period | Source Clock | Driver Pin                                                                                                                                           | Net                                                                                                                               |
+-----------+-----------+-----------------+------------+---------------+--------------+-------------+-----------------+---------------------+--------------+------------------------------------------------------------------------------------------------------------------------------------------------------+-----------------------------------------------------------------------------------------------------------------------------------+
| src0      | g0        | PS8/PLCLK[0]    | None       | PS8_X0Y0      | X0Y1         |           1 |               0 |              10.000 | clk_pl_0     | design_1_i/zynq_ultra_ps_e_0/inst/PS8_i/PLCLK[0]                                                                                                     | design_1_i/zynq_ultra_ps_e_0/inst/pl_clk_unbuffered[0]                                                                            |
| src0      | g1        | LUT2/O          | None       | SLICE_X23Y91  | X1Y1         |           1 |               0 |              10.000 | clk_pl_0     | design_1_i/chaos_crypto_engine_0/inst/chaos_crypto_engine_v1_0_S00_AXI_inst/crypto_engine_core_inst/u_prng/clock_gater_2/div_i_2/O                   | design_1_i/chaos_crypto_engine_0/inst/chaos_crypto_engine_v1_0_S00_AXI_inst/crypto_engine_core_inst/u_prng/clock_gater_2/u_bufgce |
| src0      | g2        | LUT2/O          | None       | SLICE_X23Y91  | X1Y1         |           1 |               0 |              10.000 | clk_pl_0     | design_1_i/chaos_crypto_engine_0/inst/chaos_crypto_engine_v1_0_S00_AXI_inst/crypto_engine_core_inst/u_prng/clock_gater_3/mul_block[0].mul_inst_i_2/O | design_1_i/chaos_crypto_engine_0/inst/chaos_crypto_engine_v1_0_S00_AXI_inst/crypto_engine_core_inst/u_prng/clock_gater_3/u_bufgce |
| src0      | g3        | BUFG_PS/O       | None       | BUFG_PS_X0Y94 | X0Y3         |       17494 |               0 |              10.000 | clk_pl_0     | design_1_i/zynq_ultra_ps_e_0/inst/buffer_pl_clk_0.PL_CLK_0_BUFG/O                                                                                    | design_1_i/zynq_ultra_ps_e_0/inst/pl_clk0                                                                                         |
| src0      | g4        | LUT2/O          | None       | SLICE_X23Y91  | X1Y1         |           1 |               0 |              10.000 | clk_pl_0     | design_1_i/chaos_crypto_engine_0/inst/chaos_crypto_engine_v1_0_S00_AXI_inst/crypto_engine_core_inst/u_prng/clock_gater_1/mul_block[0].mul_inst_i_1/O | design_1_i/chaos_crypto_engine_0/inst/chaos_crypto_engine_v1_0_S00_AXI_inst/crypto_engine_core_inst/u_prng/clock_gater_1/aclk     |
+-----------+-----------+-----------------+------------+---------------+--------------+-------------+-----------------+---------------------+--------------+------------------------------------------------------------------------------------------------------------------------------------------------------+-----------------------------------------------------------------------------------------------------------------------------------+
* Clock Loads column represents cell count of net connects that connect to a clock pin. Internal cell leaf pins are not considered
** Non-Clock Loads column represents cell count of non-clock pin loads


4. Clock Regions : Clock Primitives
-----------------------------------

+-------------------+---------------+---------------+---------------+---------------+---------------+---------------+---------------+---------------+
|                   |  Global Clock |     BUFGCE    |   BUFGCE_DIV  |    BUFGCTRL   |    BUFG_GT    |    BUFG_PS    |      MMCM     |      PLL      |
+-------------------+-------+-------+-------+-------+-------+-------+-------+-------+-------+-------+-------+-------+-------+-------+-------+-------+
| Clock Region Name | Used  | Avail | Used  | Avail | Used  | Avail | Used  | Avail | Used  | Avail | Used  | Avail | Used  | Avail | Used  | Avail |
+-------------------+-------+-------+-------+-------+-------+-------+-------+-------+-------+-------+-------+-------+-------+-------+-------+-------+
| X0Y0              |     0 |    24 |     0 |     4 |     0 |     0 |     0 |     0 |     0 |     0 |     0 |    24 |     0 |     0 |     0 |     0 |
| X1Y0              |     0 |    24 |     1 |    24 |     0 |     4 |     0 |     8 |     0 |     0 |     0 |     0 |     0 |     1 |     0 |     2 |
| X2Y0              |     0 |    24 |     0 |     0 |     0 |     0 |     0 |     0 |     0 |    24 |     0 |     0 |     0 |     0 |     0 |     0 |
| X0Y1              |     2 |    24 |     0 |     4 |     0 |     0 |     0 |     0 |     0 |     0 |     0 |    24 |     0 |     0 |     0 |     0 |
| X1Y1              |     2 |    24 |     3 |    24 |     0 |     4 |     0 |     8 |     0 |     0 |     0 |     0 |     0 |     1 |     0 |     2 |
| X2Y1              |     0 |    24 |     0 |     0 |     0 |     0 |     0 |     0 |     0 |    24 |     0 |     0 |     0 |     0 |     0 |     0 |
| X0Y2              |     5 |    24 |     0 |     4 |     0 |     0 |     0 |     0 |     0 |     0 |     0 |    24 |     0 |     0 |     0 |     0 |
| X1Y2              |     4 |    24 |     0 |    24 |     0 |     4 |     0 |     8 |     0 |     0 |     0 |     0 |     0 |     1 |     0 |     2 |
| X2Y2              |     0 |    24 |     0 |     0 |     0 |     0 |     0 |     0 |     0 |    24 |     0 |     0 |     0 |     0 |     0 |     0 |
| X0Y3              |     5 |    24 |     0 |     4 |     0 |     0 |     0 |     0 |     0 |     0 |     1 |    24 |     0 |     0 |     0 |     0 |
| X1Y3              |     3 |    24 |     0 |    24 |     0 |     4 |     0 |     8 |     0 |     0 |     0 |     0 |     0 |     1 |     0 |     2 |
| X2Y3              |     0 |    24 |     0 |     0 |     0 |     0 |     0 |     0 |     0 |    24 |     0 |     0 |     0 |     0 |     0 |     0 |
+-------------------+-------+-------+-------+-------+-------+-------+-------+-------+-------+-------+-------+-------+-------+-------+-------+-------+
* Global Clock column represents track count; while other columns represents cell counts


5. Clock Regions : Load Primitives
----------------------------------

+-------------------+------------------+------------------+------------------+------------------+------------------+------------------+------------------+------------------+
|                   |   Global Clock   |        FF        |      LUTRAM      |  Block RAM (18K) |       URAM       |        DSP       |        GT        |      HARD IP     |
+-------------------+--------+---------+--------+---------+--------+---------+--------+---------+--------+---------+--------+---------+--------+---------+--------+---------+
| Clock Region Name | Used   | Avail   | Used   | Avail   | Used   | Avail   | Used   | Avail   | Used   | Avail   | Used   | Avail   | Used   | Avail   | Used   | Avail   |
+-------------------+--------+---------+--------+---------+--------+---------+--------+---------+--------+---------+--------+---------+--------+---------+--------+---------+
| X0Y0              |      0 |      24 |      0 |   22080 |      0 |    6240 |      0 |       0 |      0 |       0 |      0 |     144 |      0 |       0 |      0 |       0 |
| X1Y0              |      0 |      24 |      0 |   17280 |      0 |    5280 |      0 |      24 |      0 |       0 |      0 |     144 |      0 |       0 |      0 |       0 |
| X2Y0              |      0 |      24 |      0 |   19200 |      0 |    2880 |      0 |      48 |      0 |      16 |      0 |      24 |      0 |       4 |      0 |       1 |
| X0Y1              |      2 |      24 |   3410 |   22080 |    276 |    6240 |      0 |       0 |      0 |       0 |      0 |     144 |      0 |       0 |      0 |       0 |
| X1Y1              |      2 |      24 |    434 |   17280 |      9 |    5280 |      6 |      24 |      0 |       0 |      0 |     144 |      0 |       0 |      0 |       0 |
| X2Y1              |      0 |      24 |      0 |   19200 |      0 |    2880 |      0 |      48 |      0 |      16 |      0 |      24 |      0 |       4 |      0 |       1 |
| X0Y2              |      5 |      24 |   8833 |   22080 |   1352 |    6240 |      0 |       0 |      0 |       0 |      6 |     144 |      0 |       0 |      0 |       0 |
| X1Y2              |      4 |      24 |   1448 |   17280 |    199 |    5280 |      0 |      24 |      0 |       0 |      0 |     144 |      0 |       0 |      0 |       0 |
| X2Y2              |      0 |      24 |      0 |   19200 |      0 |    2880 |      0 |      48 |      0 |      16 |      0 |      24 |      0 |       4 |      0 |       0 |
| X0Y3              |      5 |      24 |   9846 |   22080 |    512 |    6240 |      0 |       0 |      0 |       0 |     62 |     144 |      0 |       0 |      0 |       0 |
| X1Y3              |      3 |      24 |   2123 |   17280 |    163 |    5280 |      0 |      24 |      0 |       0 |     10 |     144 |      0 |       0 |      0 |       0 |
| X2Y3              |      0 |      24 |      0 |   19200 |      0 |    2880 |      0 |      48 |      0 |      16 |      0 |      24 |      0 |       4 |      0 |       0 |
+-------------------+--------+---------+--------+---------+--------+---------+--------+---------+--------+---------+--------+---------+--------+---------+--------+---------+
* Global Clock column represents track count; while other columns represents cell counts


6. Clock Regions : Global Clock Summary
---------------------------------------

All Modules
+----+----+----+----+
|    | X0 | X1 | X2 |
+----+----+----+----+
| Y3 |  5 |  3 |  0 |
| Y2 |  5 |  4 |  0 |
| Y1 |  5 |  5 |  0 |
| Y0 |  0 |  0 |  0 |
+----+----+----+----+


7. Clock Regions : Routing Resource Utilization
-----------------------------------------------

All Modules
+-------------------+----------------------+----------------------+----------------------+----------------------+
|                   |        HROUTES       |        HDISTRS       |        VROUTES       |        VDISTRS       |
+-------------------+------+-------+-------+------+-------+-------+------+-------+-------+------+-------+-------+
| Clock Region Name | Used | Avail | Util% | Used | Avail | Util% | Used | Avail | Util% | Used | Avail | Util% |
+-------------------+------+-------+-------+------+-------+-------+------+-------+-------+------+-------+-------+
| X0Y0              |    2 |    24 |  8.33 |    0 |    24 |  0.00 |    0 |    24 |  0.00 |    0 |    24 |  0.00 |
| X1Y0              |    2 |    24 |  8.33 |    0 |    24 |  0.00 |    0 |    24 |  0.00 |    0 |    24 |  0.00 |
| X2Y0              |    0 |    24 |  0.00 |    0 |    24 |  0.00 |    0 |    24 |  0.00 |    0 |    24 |  0.00 |
| X0Y1              |    6 |    24 | 25.00 |    2 |    24 |  8.33 |    2 |    24 |  8.33 |    2 |    24 |  8.33 |
| X1Y1              |    3 |    24 | 12.50 |    2 |    24 |  8.33 |    0 |    24 |  0.00 |    0 |    24 |  0.00 |
| X2Y1              |    0 |    24 |  0.00 |    0 |    24 |  0.00 |    0 |    24 |  0.00 |    0 |    24 |  0.00 |
| X0Y2              |    0 |    24 |  0.00 |    5 |    24 | 20.83 |    5 |    24 | 20.83 |    5 |    24 | 20.83 |
| X1Y2              |    0 |    24 |  0.00 |    4 |    24 | 16.67 |    0 |    24 |  0.00 |    0 |    24 |  0.00 |
| X2Y2              |    0 |    24 |  0.00 |    0 |    24 |  0.00 |    0 |    24 |  0.00 |    0 |    24 |  0.00 |
| X0Y3              |    2 |    24 |  8.33 |    5 |    24 | 20.83 |    1 |    24 |  4.17 |    0 |    24 |  0.00 |
| X1Y3              |    0 |    24 |  0.00 |    3 |    24 | 12.50 |    0 |    24 |  0.00 |    0 |    24 |  0.00 |
| X2Y3              |    0 |    24 |  0.00 |    0 |    24 |  0.00 |    0 |    24 |  0.00 |    0 |    24 |  0.00 |
+-------------------+------+-------+-------+------+-------+-------+------+-------+-------+------+-------+-------+


8. Device Cell Placement Summary for Global Clock g0
----------------------------------------------------

+-----------+-----------------+-------------------+----------+-------------+---------------+------------+-------------+----------+----------------+----------+-------------------------------------------+
| Global Id | Driver Type/Pin | Driver Region (D) | Clock    | Period (ns) | Waveform (ns) | Root (R)   | Slice Loads | IO Loads | Clocking Loads | GT Loads | Net                                       |
+-----------+-----------------+-------------------+----------+-------------+---------------+------------+-------------+----------+----------------+----------+-------------------------------------------+
| g0        | BUFG_PS/O       | X0Y3              | clk_pl_0 |      10.000 | {0.000 5.000} | X0Y1, X0Y3 |       14479 |        0 |              1 |        0 | design_1_i/zynq_ultra_ps_e_0/inst/pl_clk0 |
+-----------+-----------------+-------------------+----------+-------------+---------------+------------+-------------+----------+----------------+----------+-------------------------------------------+
* Slice Loads column represents load cell count of all cell types other than IO, GT and clock resources
** IO Loads column represents load cell count of IO types
*** Clocking Loads column represents load cell count that are clock resources (global clock buffer, MMCM, PLL, etc)
**** GT Loads column represents load cell count of GT types


+----+-------------+------+----+-----------------------+
|    | X0          | X1   | X2 | HORIZONTAL PROG DELAY |
+----+-------------+------+----+-----------------------+
| Y3 | (R) (D) 665 |    0 |  0 |                     0 |
| Y2 |        9485 |  454 |  0 |                     1 |
| Y1 |    (R) 3428 |  447 |  0 |                     1 |
| Y0 |           0 |    1 |  0 |                     0 |
+----+-------------+------+----+-----------------------+


9. Device Cell Placement Summary for Global Clock g1
----------------------------------------------------

+-----------+-----------------+-------------------+----------+-------------+---------------+----------+-------------+----------+----------------+----------+------------------------------------------------------------------------------------------------------------------+
| Global Id | Driver Type/Pin | Driver Region (D) | Clock    | Period (ns) | Waveform (ns) | Root (R) | Slice Loads | IO Loads | Clocking Loads | GT Loads | Net                                                                                                              |
+-----------+-----------------+-------------------+----------+-------------+---------------+----------+-------------+----------+----------------+----------+------------------------------------------------------------------------------------------------------------------+
| g1        | BUFGCE/O        | X1Y1              | clk_pl_0 |      10.000 | {0.000 5.000} | X0Y2     |        6595 |        0 |              0 |        0 | design_1_i/chaos_crypto_engine_0/chaos_crypto_engine_v1_0_S00_AXI_inst/crypto_engine_core_inst/u_prng/gated_clk2 |
+-----------+-----------------+-------------------+----------+-------------+---------------+----------+-------------+----------+----------------+----------+------------------------------------------------------------------------------------------------------------------+
* Slice Loads column represents load cell count of all cell types other than IO, GT and clock resources
** IO Loads column represents load cell count of IO types
*** Clocking Loads column represents load cell count that are clock resources (global clock buffer, MMCM, PLL, etc)
**** GT Loads column represents load cell count of GT types


+----+--------+--------+----+-----------------------+
|    | X0     | X1     | X2 | HORIZONTAL PROG DELAY |
+----+--------+--------+----+-----------------------+
| Y3 |   3215 |   2190 |  0 |                     0 |
| Y2 | (R) 23 |   1167 |  0 |                     0 |
| Y1 |      0 |  (D) 0 |  0 |                     - |
| Y0 |      0 |      0 |  0 |                     - |
+----+--------+--------+----+-----------------------+


10. Device Cell Placement Summary for Global Clock g2
-----------------------------------------------------

+-----------+-----------------+-------------------+----------+-------------+---------------+----------+-------------+----------+----------------+----------+------------------------------------------------------------------------------------------------------------------+
| Global Id | Driver Type/Pin | Driver Region (D) | Clock    | Period (ns) | Waveform (ns) | Root (R) | Slice Loads | IO Loads | Clocking Loads | GT Loads | Net                                                                                                              |
+-----------+-----------------+-------------------+----------+-------------+---------------+----------+-------------+----------+----------------+----------+------------------------------------------------------------------------------------------------------------------+
| g2        | BUFGCE/O        | X1Y1              | clk_pl_0 |      10.000 | {0.000 5.000} | X0Y2     |        5507 |        0 |              0 |        0 | design_1_i/chaos_crypto_engine_0/chaos_crypto_engine_v1_0_S00_AXI_inst/crypto_engine_core_inst/u_prng/gated_clk3 |
+-----------+-----------------+-------------------+----------+-------------+---------------+----------+-------------+----------+----------------+----------+------------------------------------------------------------------------------------------------------------------+
* Slice Loads column represents load cell count of all cell types other than IO, GT and clock resources
** IO Loads column represents load cell count of IO types
*** Clocking Loads column represents load cell count that are clock resources (global clock buffer, MMCM, PLL, etc)
**** GT Loads column represents load cell count of GT types


+----+--------+--------+----+-----------------------+
|    | X0     | X1     | X2 | HORIZONTAL PROG DELAY |
+----+--------+--------+----+-----------------------+
| Y3 |   5403 |     73 |  0 |                     0 |
| Y2 | (R) 31 |      0 |  0 |                     0 |
| Y1 |      0 |  (D) 0 |  0 |                     - |
| Y0 |      0 |      0 |  0 |                     - |
+----+--------+--------+----+-----------------------+


11. Device Cell Placement Summary for Global Clock g3
-----------------------------------------------------

+-----------+-----------------+-------------------+----------+-------------+---------------+----------+-------------+----------+----------------+----------+----------------------------------------------------------------------------------------------------------------+
| Global Id | Driver Type/Pin | Driver Region (D) | Clock    | Period (ns) | Waveform (ns) | Root (R) | Slice Loads | IO Loads | Clocking Loads | GT Loads | Net                                                                                                            |
+-----------+-----------------+-------------------+----------+-------------+---------------+----------+-------------+----------+----------------+----------+----------------------------------------------------------------------------------------------------------------+
| g3        | BUFGCE/O        | X1Y0              | clk_pl_0 |      10.000 | {0.000 5.000} | X0Y2     |        1732 |        0 |              0 |        0 | design_1_i/chaos_crypto_engine_0/inst/chaos_crypto_engine_v1_0_S00_AXI_inst/crypto_engine_core_inst/u_bufgce_0 |
+-----------+-----------------+-------------------+----------+-------------+---------------+----------+-------------+----------+----------------+----------+----------------------------------------------------------------------------------------------------------------+
* Slice Loads column represents load cell count of all cell types other than IO, GT and clock resources
** IO Loads column represents load cell count of IO types
*** Clocking Loads column represents load cell count that are clock resources (global clock buffer, MMCM, PLL, etc)
**** GT Loads column represents load cell count of GT types


+----+---------+--------+----+-----------------------+
|    | X0      | X1     | X2 | HORIZONTAL PROG DELAY |
+----+---------+--------+----+-----------------------+
| Y3 |     828 |     33 |  0 |                     1 |
| Y2 | (R) 591 |     18 |  0 |                     1 |
| Y1 |     259 |      3 |  0 |                     0 |
| Y0 |       0 |  (D) 0 |  0 |                     - |
+----+---------+--------+----+-----------------------+


12. Device Cell Placement Summary for Global Clock g4
-----------------------------------------------------

+-----------+-----------------+-------------------+----------+-------------+---------------+----------+-------------+----------+----------------+----------+--------------------------------------------------------------------------------------------------------------------------------------+
| Global Id | Driver Type/Pin | Driver Region (D) | Clock    | Period (ns) | Waveform (ns) | Root (R) | Slice Loads | IO Loads | Clocking Loads | GT Loads | Net                                                                                                                                  |
+-----------+-----------------+-------------------+----------+-------------+---------------+----------+-------------+----------+----------------+----------+--------------------------------------------------------------------------------------------------------------------------------------+
| g4        | BUFGCE/O        | X1Y1              | clk_pl_0 |      10.000 | {0.000 5.000} | X0Y2     |         381 |        0 |              0 |        0 | design_1_i/chaos_crypto_engine_0/inst/chaos_crypto_engine_v1_0_S00_AXI_inst/crypto_engine_core_inst/u_prng/clock_gater_1/aclk_BUFGCE |
+-----------+-----------------+-------------------+----------+-------------+---------------+----------+-------------+----------+----------------+----------+--------------------------------------------------------------------------------------------------------------------------------------+
* Slice Loads column represents load cell count of all cell types other than IO, GT and clock resources
** IO Loads column represents load cell count of IO types
*** Clocking Loads column represents load cell count that are clock resources (global clock buffer, MMCM, PLL, etc)
**** GT Loads column represents load cell count of GT types


+----+--------+--------+----+-----------------------+
|    | X0     | X1     | X2 | HORIZONTAL PROG DELAY |
+----+--------+--------+----+-----------------------+
| Y3 |    310 |      0 |  0 |                     0 |
| Y2 | (R) 62 |      9 |  0 |                     0 |
| Y1 |      0 |  (D) 0 |  0 |                     - |
| Y0 |      0 |      0 |  0 |                     - |
+----+--------+--------+----+-----------------------+


13. Clock Region Cell Placement per Global Clock: Region X0Y1
-------------------------------------------------------------

+-----------+-------+-----------------+------------+-------------+-----------------+------+-------------+------+------+-----+----+------+-----+---------+--------------------------------------------------------------------------------------------------------------------------------------+
| Global Id | Track | Driver Type/Pin | Constraint | Clock Loads | Non-Clock Loads | FF   | Memory LUTs | RAMB | URAM | DSP | GT | MMCM | PLL | Hard IP | Net                                                                                                                                  |
+-----------+-------+-----------------+------------+-------------+-----------------+------+-------------+------+------+-----+----+------+-----+---------+--------------------------------------------------------------------------------------------------------------------------------------+
| g0        | 22    | BUFG_PS/O       | None       |        3428 |               0 | 3151 |         276 |    0 |    0 |   0 |  0 |    0 |   0 |       0 | design_1_i/zynq_ultra_ps_e_0/inst/pl_clk0                                                                                            |
| g1+       | 0     | BUFGCE/O        | None       |           0 |               0 |    0 |           0 |    0 |    0 |   0 |  0 |    0 |   0 |       0 | design_1_i/chaos_crypto_engine_0/chaos_crypto_engine_v1_0_S00_AXI_inst/crypto_engine_core_inst/u_prng/gated_clk2                     |
| g2+       | 1     | BUFGCE/O        | None       |           0 |               0 |    0 |           0 |    0 |    0 |   0 |  0 |    0 |   0 |       0 | design_1_i/chaos_crypto_engine_0/chaos_crypto_engine_v1_0_S00_AXI_inst/crypto_engine_core_inst/u_prng/gated_clk3                     |
| g3        | 17    | BUFGCE/O        | None       |         259 |               0 |  259 |           0 |    0 |    0 |   0 |  0 |    0 |   0 |       0 | design_1_i/chaos_crypto_engine_0/inst/chaos_crypto_engine_v1_0_S00_AXI_inst/crypto_engine_core_inst/u_bufgce_0                       |
| g4+       | 2     | BUFGCE/O        | None       |           0 |               0 |    0 |           0 |    0 |    0 |   0 |  0 |    0 |   0 |       0 | design_1_i/chaos_crypto_engine_0/inst/chaos_crypto_engine_v1_0_S00_AXI_inst/crypto_engine_core_inst/u_prng/clock_gater_1/aclk_BUFGCE |
+-----------+-------+-----------------+------------+-------------+-----------------+------+-------------+------+------+-----+----+------+-----+---------+--------------------------------------------------------------------------------------------------------------------------------------+
* Clock Loads column represents cell count of net connects that connect to a clock pin. Internal cell leaf pins are not considered
** Non-Clock Loads column represents cell count of non-clock pin loads
*** Columns FF, LUTRAM, RAMB through 'Hard IP' represents load cell counts
**** In Global Id column, sympbol '+' indicates that global clock was used only to route through the clock region.


14. Clock Region Cell Placement per Global Clock: Region X1Y1
-------------------------------------------------------------

+-----------+-------+-----------------+------------+-------------+-----------------+-----+-------------+------+------+-----+----+------+-----+---------+--------------------------------------------------------------------------------------------------------------------------------------+
| Global Id | Track | Driver Type/Pin | Constraint | Clock Loads | Non-Clock Loads | FF  | Memory LUTs | RAMB | URAM | DSP | GT | MMCM | PLL | Hard IP | Net                                                                                                                                  |
+-----------+-------+-----------------+------------+-------------+-----------------+-----+-------------+------+------+-----+----+------+-----+---------+--------------------------------------------------------------------------------------------------------------------------------------+
| g0        | 22    | BUFG_PS/O       | None       |         447 |               0 | 434 |           9 |    4 |    0 |   0 |  0 |    0 |   0 |       0 | design_1_i/zynq_ultra_ps_e_0/inst/pl_clk0                                                                                            |
| g1+       | 0     | BUFGCE/O        | None       |           0 |               0 |   0 |           0 |    0 |    0 |   0 |  0 |    0 |   0 |       0 | design_1_i/chaos_crypto_engine_0/chaos_crypto_engine_v1_0_S00_AXI_inst/crypto_engine_core_inst/u_prng/gated_clk2                     |
| g2+       | 1     | BUFGCE/O        | None       |           0 |               0 |   0 |           0 |    0 |    0 |   0 |  0 |    0 |   0 |       0 | design_1_i/chaos_crypto_engine_0/chaos_crypto_engine_v1_0_S00_AXI_inst/crypto_engine_core_inst/u_prng/gated_clk3                     |
| g3        | 17    | BUFGCE/O        | None       |           0 |               3 |   0 |           0 |    0 |    0 |   0 |  0 |    0 |   0 |       0 | design_1_i/chaos_crypto_engine_0/inst/chaos_crypto_engine_v1_0_S00_AXI_inst/crypto_engine_core_inst/u_bufgce_0                       |
| g4+       | 2     | BUFGCE/O        | None       |           0 |               0 |   0 |           0 |    0 |    0 |   0 |  0 |    0 |   0 |       0 | design_1_i/chaos_crypto_engine_0/inst/chaos_crypto_engine_v1_0_S00_AXI_inst/crypto_engine_core_inst/u_prng/clock_gater_1/aclk_BUFGCE |
+-----------+-------+-----------------+------------+-------------+-----------------+-----+-------------+------+------+-----+----+------+-----+---------+--------------------------------------------------------------------------------------------------------------------------------------+
* Clock Loads column represents cell count of net connects that connect to a clock pin. Internal cell leaf pins are not considered
** Non-Clock Loads column represents cell count of non-clock pin loads
*** Columns FF, LUTRAM, RAMB through 'Hard IP' represents load cell counts
**** In Global Id column, sympbol '+' indicates that global clock was used only to route through the clock region.


15. Clock Region Cell Placement per Global Clock: Region X0Y2
-------------------------------------------------------------

+-----------+-------+-----------------+------------+-------------+-----------------+------+-------------+------+------+-----+----+------+-----+---------+--------------------------------------------------------------------------------------------------------------------------------------+
| Global Id | Track | Driver Type/Pin | Constraint | Clock Loads | Non-Clock Loads | FF   | Memory LUTs | RAMB | URAM | DSP | GT | MMCM | PLL | Hard IP | Net                                                                                                                                  |
+-----------+-------+-----------------+------------+-------------+-----------------+------+-------------+------+------+-----+----+------+-----+---------+--------------------------------------------------------------------------------------------------------------------------------------+
| g0        | 22    | BUFG_PS/O       | None       |        9485 |               0 | 8133 |        1352 |    0 |    0 |   0 |  0 |    0 |   0 |       0 | design_1_i/zynq_ultra_ps_e_0/inst/pl_clk0                                                                                            |
| g1        | 0     | BUFGCE/O        | None       |          23 |               0 |   23 |           0 |    0 |    0 |   0 |  0 |    0 |   0 |       0 | design_1_i/chaos_crypto_engine_0/chaos_crypto_engine_v1_0_S00_AXI_inst/crypto_engine_core_inst/u_prng/gated_clk2                     |
| g2        | 1     | BUFGCE/O        | None       |          31 |               0 |   31 |           0 |    0 |    0 |   0 |  0 |    0 |   0 |       0 | design_1_i/chaos_crypto_engine_0/chaos_crypto_engine_v1_0_S00_AXI_inst/crypto_engine_core_inst/u_prng/gated_clk3                     |
| g3        | 17    | BUFGCE/O        | None       |         591 |               0 |  587 |           0 |    0 |    0 |   3 |  0 |    0 |   0 |       0 | design_1_i/chaos_crypto_engine_0/inst/chaos_crypto_engine_v1_0_S00_AXI_inst/crypto_engine_core_inst/u_bufgce_0                       |
| g4        | 2     | BUFGCE/O        | None       |          62 |               0 |   59 |           0 |    0 |    0 |   3 |  0 |    0 |   0 |       0 | design_1_i/chaos_crypto_engine_0/inst/chaos_crypto_engine_v1_0_S00_AXI_inst/crypto_engine_core_inst/u_prng/clock_gater_1/aclk_BUFGCE |
+-----------+-------+-----------------+------------+-------------+-----------------+------+-------------+------+------+-----+----+------+-----+---------+--------------------------------------------------------------------------------------------------------------------------------------+
* Clock Loads column represents cell count of net connects that connect to a clock pin. Internal cell leaf pins are not considered
** Non-Clock Loads column represents cell count of non-clock pin loads
*** Columns FF, LUTRAM, RAMB through 'Hard IP' represents load cell counts


16. Clock Region Cell Placement per Global Clock: Region X1Y2
-------------------------------------------------------------

+-----------+-------+-----------------+------------+-------------+-----------------+------+-------------+------+------+-----+----+------+-----+---------+--------------------------------------------------------------------------------------------------------------------------------------+
| Global Id | Track | Driver Type/Pin | Constraint | Clock Loads | Non-Clock Loads | FF   | Memory LUTs | RAMB | URAM | DSP | GT | MMCM | PLL | Hard IP | Net                                                                                                                                  |
+-----------+-------+-----------------+------------+-------------+-----------------+------+-------------+------+------+-----+----+------+-----+---------+--------------------------------------------------------------------------------------------------------------------------------------+
| g0        | 22    | BUFG_PS/O       | None       |         454 |               0 |  306 |         148 |    0 |    0 |   0 |  0 |    0 |   0 |       0 | design_1_i/zynq_ultra_ps_e_0/inst/pl_clk0                                                                                            |
| g1        | 0     | BUFGCE/O        | None       |        1167 |               0 | 1119 |          48 |    0 |    0 |   0 |  0 |    0 |   0 |       0 | design_1_i/chaos_crypto_engine_0/chaos_crypto_engine_v1_0_S00_AXI_inst/crypto_engine_core_inst/u_prng/gated_clk2                     |
| g3        | 17    | BUFGCE/O        | None       |          18 |               0 |   17 |           0 |    0 |    0 |   0 |  0 |    0 |   0 |       0 | design_1_i/chaos_crypto_engine_0/inst/chaos_crypto_engine_v1_0_S00_AXI_inst/crypto_engine_core_inst/u_bufgce_0                       |
| g4        | 2     | BUFGCE/O        | None       |           9 |               0 |    6 |           3 |    0 |    0 |   0 |  0 |    0 |   0 |       0 | design_1_i/chaos_crypto_engine_0/inst/chaos_crypto_engine_v1_0_S00_AXI_inst/crypto_engine_core_inst/u_prng/clock_gater_1/aclk_BUFGCE |
+-----------+-------+-----------------+------------+-------------+-----------------+------+-------------+------+------+-----+----+------+-----+---------+--------------------------------------------------------------------------------------------------------------------------------------+
* Clock Loads column represents cell count of net connects that connect to a clock pin. Internal cell leaf pins are not considered
** Non-Clock Loads column represents cell count of non-clock pin loads
*** Columns FF, LUTRAM, RAMB through 'Hard IP' represents load cell counts


17. Clock Region Cell Placement per Global Clock: Region X0Y3
-------------------------------------------------------------

+-----------+-------+-----------------+------------+-------------+-----------------+------+-------------+------+------+-----+----+------+-----+---------+--------------------------------------------------------------------------------------------------------------------------------------+
| Global Id | Track | Driver Type/Pin | Constraint | Clock Loads | Non-Clock Loads | FF   | Memory LUTs | RAMB | URAM | DSP | GT | MMCM | PLL | Hard IP | Net                                                                                                                                  |
+-----------+-------+-----------------+------------+-------------+-----------------+------+-------------+------+------+-----+----+------+-----+---------+--------------------------------------------------------------------------------------------------------------------------------------+
| g0        | 22    | BUFG_PS/O       | None       |         665 |               0 |  638 |          27 |    0 |    0 |   0 |  0 |    0 |   0 |       0 | design_1_i/zynq_ultra_ps_e_0/inst/pl_clk0                                                                                            |
| g1        | 0     | BUFGCE/O        | None       |        3215 |               0 | 2925 |         279 |    0 |    0 |  11 |  0 |    0 |   0 |       0 | design_1_i/chaos_crypto_engine_0/chaos_crypto_engine_v1_0_S00_AXI_inst/crypto_engine_core_inst/u_prng/gated_clk2                     |
| g2        | 1     | BUFGCE/O        | None       |        5403 |               0 | 5152 |         206 |    0 |    0 |  45 |  0 |    0 |   0 |       0 | design_1_i/chaos_crypto_engine_0/chaos_crypto_engine_v1_0_S00_AXI_inst/crypto_engine_core_inst/u_prng/gated_clk3                     |
| g3        | 17    | BUFGCE/O        | None       |         828 |               0 |  827 |           0 |    0 |    0 |   0 |  0 |    0 |   0 |       0 | design_1_i/chaos_crypto_engine_0/inst/chaos_crypto_engine_v1_0_S00_AXI_inst/crypto_engine_core_inst/u_bufgce_0                       |
| g4        | 2     | BUFGCE/O        | None       |         310 |               0 |  304 |           0 |    0 |    0 |   6 |  0 |    0 |   0 |       0 | design_1_i/chaos_crypto_engine_0/inst/chaos_crypto_engine_v1_0_S00_AXI_inst/crypto_engine_core_inst/u_prng/clock_gater_1/aclk_BUFGCE |
+-----------+-------+-----------------+------------+-------------+-----------------+------+-------------+------+------+-----+----+------+-----+---------+--------------------------------------------------------------------------------------------------------------------------------------+
* Clock Loads column represents cell count of net connects that connect to a clock pin. Internal cell leaf pins are not considered
** Non-Clock Loads column represents cell count of non-clock pin loads
*** Columns FF, LUTRAM, RAMB through 'Hard IP' represents load cell counts


18. Clock Region Cell Placement per Global Clock: Region X1Y3
-------------------------------------------------------------

+-----------+-------+-----------------+------------+-------------+-----------------+------+-------------+------+------+-----+----+------+-----+---------+------------------------------------------------------------------------------------------------------------------+
| Global Id | Track | Driver Type/Pin | Constraint | Clock Loads | Non-Clock Loads | FF   | Memory LUTs | RAMB | URAM | DSP | GT | MMCM | PLL | Hard IP | Net                                                                                                              |
+-----------+-------+-----------------+------------+-------------+-----------------+------+-------------+------+------+-----+----+------+-----+---------+------------------------------------------------------------------------------------------------------------------+
| g1        | 0     | BUFGCE/O        | None       |        2190 |               0 | 2033 |         147 |    0 |    0 |  10 |  0 |    0 |   0 |       0 | design_1_i/chaos_crypto_engine_0/chaos_crypto_engine_v1_0_S00_AXI_inst/crypto_engine_core_inst/u_prng/gated_clk2 |
| g2        | 1     | BUFGCE/O        | None       |          73 |               0 |   57 |          16 |    0 |    0 |   0 |  0 |    0 |   0 |       0 | design_1_i/chaos_crypto_engine_0/chaos_crypto_engine_v1_0_S00_AXI_inst/crypto_engine_core_inst/u_prng/gated_clk3 |
| g3        | 17    | BUFGCE/O        | None       |          33 |               0 |   33 |           0 |    0 |    0 |   0 |  0 |    0 |   0 |       0 | design_1_i/chaos_crypto_engine_0/inst/chaos_crypto_engine_v1_0_S00_AXI_inst/crypto_engine_core_inst/u_bufgce_0   |
+-----------+-------+-----------------+------------+-------------+-----------------+------+-------------+------+------+-----+----+------+-----+---------+------------------------------------------------------------------------------------------------------------------+
* Clock Loads column represents cell count of net connects that connect to a clock pin. Internal cell leaf pins are not considered
** Non-Clock Loads column represents cell count of non-clock pin loads
*** Columns FF, LUTRAM, RAMB through 'Hard IP' represents load cell counts


