srcscan starts
INFO: analyzing module PRNG (VERI-9002)
INFO: analyzing module sigma (VERI-9002)
INFO: analyzing module sawtooth (VERI-9002)
INFO: analyzing module affine_transform (VERI-9002)
INFO: analyzing module extractor (VERI-9002)
INFO: analyzing module mixer (VERI-9002)
INFO: analyzing module sbox_generator (VERI-9002)
INFO: analyzing module sbox (VERI-9002)
INFO: analyzing module top (VERI-9002)
INFO: analyzing module key_schedule_5r (VERI-9002)
INFO: analyzing module subbytes (VERI-9002)
INFO: analyzing module shiftrows (VERI-9002)
INFO: analyzing module mixcolumns (VERI-9002)
/tmp/VivadoEditorAssist4405321138322852784.tmp(11): WARNING: begin/end is required for generate-for in this mode of Verilog (VERI-2329)
INFO: analyzing module addroundkey (VERI-9002)
INFO: analyzing module F (VERI-9002)
INFO: analyzing module sawtooth_tb (VERI-9002)
INFO: analyzing module PRNG_tb (VERI-9002)
INFO: analyzing module sigma_tb (VERI-9002)
INFO: analyzing module affine_transform_tb (VERI-9002)
INFO: analyzing module extractor_tb (VERI-9002)
INFO: analyzing module tb_sbox_generator (VERI-9002)
INFO: analyzing module top_tb (VERI-9002)
INFO: analyzing module key_schedule_5r_tb (VERI-9002)
INFO: analyzing module subbytes_tb (VERI-9002)
INFO: analyzing module F_tb (VERI-9002)
INFO: analyzing module PRNG (VERI-9002)
/home/vinhphat-josh/Repos/Chaos_Based_Symmetric_Image_Encryption/PRNG/PRNG.v(1): WARNING: overwriting previous definition of module 'PRNG' (VERI-1206)
INFO: analyzing module sigma (VERI-9002)
/home/vinhphat-josh/Repos/Chaos_Based_Symmetric_Image_Encryption/sigma/sigma.v(1): WARNING: overwriting previous definition of module 'sigma' (VERI-1206)
INFO: analyzing module sawtooth (VERI-9002)
/home/vinhphat-josh/Repos/Chaos_Based_Symmetric_Image_Encryption/sawtooth/sawtooth.v(1): WARNING: overwriting previous definition of module 'sawtooth' (VERI-1206)
INFO: analyzing module affine_transform (VERI-9002)
/home/vinhphat-josh/Repos/Chaos_Based_Symmetric_Image_Encryption/affine_transform/affine_transform.v(1): WARNING: overwriting previous definition of module 'affine_transform' (VERI-1206)
INFO: analyzing module extractor (VERI-9002)
/home/vinhphat-josh/Repos/Chaos_Based_Symmetric_Image_Encryption/extractor/extractor.v(1): WARNING: overwriting previous definition of module 'extractor' (VERI-1206)
INFO: analyzing module mixer (VERI-9002)
/home/vinhphat-josh/Repos/Chaos_Based_Symmetric_Image_Encryption/mixer/mixer.v(1): WARNING: overwriting previous definition of module 'mixer' (VERI-1206)
INFO: analyzing module sbox_generator (VERI-9002)
/home/vinhphat-josh/Repos/Chaos_Based_Symmetric_Image_Encryption/sbox_generator/sbox_generator.v(1): WARNING: overwriting previous definition of module 'sbox_generator' (VERI-1206)
INFO: analyzing module sbox (VERI-9002)
/home/vinhphat-josh/Repos/Chaos_Based_Symmetric_Image_Encryption/sbox/sbox.v(1): WARNING: overwriting previous definition of module 'sbox' (VERI-1206)
INFO: analyzing module top (VERI-9002)
/home/vinhphat-josh/Repos/Chaos_Based_Symmetric_Image_Encryption/top/top.v(1): WARNING: overwriting previous definition of module 'top' (VERI-1206)
INFO: analyzing module key_schedule_5r (VERI-9002)
/home/vinhphat-josh/Repos/Chaos_Based_Symmetric_Image_Encryption/key_schedule_5r/key_schedule_5r.v(1): WARNING: overwriting previous definition of module 'key_schedule_5r' (VERI-1206)
INFO: analyzing module subbytes (VERI-9002)
/tmp/VivadoEditorAssist18294433138069358025.tmp(1): WARNING: overwriting previous definition of module 'subbytes' (VERI-1206)
INFO: analyzing module shiftrows (VERI-9002)
/tmp/VivadoEditorAssist5111254809155297655.tmp(1): WARNING: overwriting previous definition of module 'shiftrows' (VERI-1206)
INFO: analyzing module mixcolumns (VERI-9002)
/tmp/VivadoEditorAssist4405321138322852784.tmp(11): WARNING: begin/end is required for generate-for in this mode of Verilog (VERI-2329)
/tmp/VivadoEditorAssist4405321138322852784.tmp(1): WARNING: overwriting previous definition of module 'mixcolumns' (VERI-1206)
INFO: analyzing module addroundkey (VERI-9002)
/home/vinhphat-josh/Repos/Chaos_Based_Symmetric_Image_Encryption/AES/addroundkey.v(1): WARNING: overwriting previous definition of module 'addroundkey' (VERI-1206)
INFO: analyzing module F (VERI-9002)
/tmp/VivadoEditorAssist676652213698629026.tmp(1): WARNING: overwriting previous definition of module 'F' (VERI-1206)
INFO: analyzing module sawtooth_tb (VERI-9002)
/home/vinhphat-josh/Repos/Chaos_Based_Symmetric_Image_Encryption/sawtooth/sawtooth_tb.v(3): WARNING: overwriting previous definition of module 'sawtooth_tb' (VERI-1206)
INFO: analyzing module PRNG_tb (VERI-9002)
/home/vinhphat-josh/Repos/Chaos_Based_Symmetric_Image_Encryption/PRNG/PRNG_tb.v(3): WARNING: overwriting previous definition of module 'PRNG_tb' (VERI-1206)
INFO: analyzing module sigma_tb (VERI-9002)
/home/vinhphat-josh/Repos/Chaos_Based_Symmetric_Image_Encryption/sigma/sigma_tb.v(1): WARNING: overwriting previous definition of module 'sigma_tb' (VERI-1206)
INFO: analyzing module affine_transform_tb (VERI-9002)
/home/vinhphat-josh/Repos/Chaos_Based_Symmetric_Image_Encryption/affine_transform/affine_transform_tb.v(1): WARNING: overwriting previous definition of module 'affine_transform_tb' (VERI-1206)
INFO: analyzing module extractor_tb (VERI-9002)
/home/vinhphat-josh/Repos/Chaos_Based_Symmetric_Image_Encryption/extractor/extractor_tb.v(3): WARNING: overwriting previous definition of module 'extractor_tb' (VERI-1206)
INFO: analyzing module tb_sbox_generator (VERI-9002)
/home/vinhphat-josh/Repos/Chaos_Based_Symmetric_Image_Encryption/sbox_generator/sbox_generator_tb.v(3): WARNING: overwriting previous definition of module 'tb_sbox_generator' (VERI-1206)
INFO: analyzing module top_tb (VERI-9002)
/home/vinhphat-josh/Repos/Chaos_Based_Symmetric_Image_Encryption/top/top_tb.v(3): WARNING: overwriting previous definition of module 'top_tb' (VERI-1206)
INFO: analyzing module key_schedule_5r_tb (VERI-9002)
/home/vinhphat-josh/Repos/Chaos_Based_Symmetric_Image_Encryption/key_schedule_5r/key_schedule_5r_tb.v(3): WARNING: overwriting previous definition of module 'key_schedule_5r_tb' (VERI-1206)
INFO: analyzing module subbytes_tb (VERI-9002)
/home/vinhphat-josh/Repos/Chaos_Based_Symmetric_Image_Encryption/AES/subbytes_tb.v(3): WARNING: overwriting previous definition of module 'subbytes_tb' (VERI-1206)
INFO: analyzing module F_tb (VERI-9002)
/tmp/VivadoEditorAssist7940808996009936414.tmp(2): WARNING: overwriting previous definition of module 'F_tb' (VERI-1206)
srcscan exits with return value 0
