
*** Running vivado
    with args -log top.vds -m64 -product Vivado -mode batch -messageDb vivado.pb -notrace -source top.tcl


****** Vivado v2023.2 (64-bit)
  **** SW Build 4029153 on Fri Oct 13 20:13:54 MDT 2023
  **** IP Build 4028589 on Sat Oct 14 00:45:43 MDT 2023
  **** SharedData Build 4025554 on Tue Oct 10 17:18:54 MDT 2023
    ** Copyright 1986-2022 Xilinx, Inc. All Rights Reserved.
    ** Copyright 2022-2023 Advanced Micro Devices, Inc. All Rights Reserved.

source top.tcl -notrace
Command: read_checkpoint -auto_incremental -incremental /home/vinhphat-josh/Repos/Chaos_Based_Symmetric_Image_Encryption/vivado/Chaos_Based_Symmetric_Image_Encryption/Chaos_Based_Symmetric_Image_Encryption.srcs/utils_1/imports/synth_1/FP_div.dcp
INFO: [Vivado 12-5825] Read reference checkpoint from /home/vinhphat-josh/Repos/Chaos_Based_Symmetric_Image_Encryption/vivado/Chaos_Based_Symmetric_Image_Encryption/Chaos_Based_Symmetric_Image_Encryption.srcs/utils_1/imports/synth_1/FP_div.dcp for incremental synthesis
INFO: [Vivado 12-7989] Please ensure there are no constraint changes
Command: synth_design -top top -part xck26-sfvc784-2LV-c
Starting synth_design
Attempting to get a license for feature 'Synthesis' and/or device 'xck26'
INFO: [Common 17-349] Got license for feature 'Synthesis' and/or device 'xck26'
INFO: [Vivado_Tcl 4-1810] synth_design options have changed between reference and incremental; A full resynthesis will be run
INFO: [Device 21-403] Loading part xck26-sfvc784-2LV-c
INFO: [Synth 8-7079] Multithreading enabled for synth_design using a maximum of 4 processes.
INFO: [Synth 8-7078] Launching helper process for spawning children vivado processes
INFO: [Synth 8-7075] Helper process launched with PID 21269
---------------------------------------------------------------------------------
Starting RTL Elaboration : Time (s): cpu = 00:00:03 ; elapsed = 00:00:03 . Memory (MB): peak = 2532.266 ; gain = 294.777 ; free physical = 245 ; free virtual = 4472
---------------------------------------------------------------------------------
INFO: [Synth 8-6157] synthesizing module 'top' [/home/vinhphat-josh/Repos/Chaos_Based_Symmetric_Image_Encryption/top/top.v:1]
INFO: [Synth 8-6157] synthesizing module 'PRNG' [/home/vinhphat-josh/Repos/Chaos_Based_Symmetric_Image_Encryption/PRNG/PRNG.v:1]
	Parameter PRECISION bound to: 32 - type: integer 
INFO: [Synth 8-6157] synthesizing module 'floating_point_mul' [/home/vinhphat-josh/Repos/Chaos_Based_Symmetric_Image_Encryption/vivado/Chaos_Based_Symmetric_Image_Encryption/Chaos_Based_Symmetric_Image_Encryption.runs/synth_1/.Xil/Vivado-21231-ubuntu/realtime/floating_point_mul_stub.v:6]
INFO: [Synth 8-6155] done synthesizing module 'floating_point_mul' (0#1) [/home/vinhphat-josh/Repos/Chaos_Based_Symmetric_Image_Encryption/vivado/Chaos_Based_Symmetric_Image_Encryption/Chaos_Based_Symmetric_Image_Encryption.runs/synth_1/.Xil/Vivado-21231-ubuntu/realtime/floating_point_mul_stub.v:6]
INFO: [Synth 8-6157] synthesizing module 'sawtooth' [/home/vinhphat-josh/Repos/Chaos_Based_Symmetric_Image_Encryption/sawtooth/sawtooth.v:1]
	Parameter PRECISION bound to: 32 - type: integer 
INFO: [Synth 8-6157] synthesizing module 'floating_point_div' [/home/vinhphat-josh/Repos/Chaos_Based_Symmetric_Image_Encryption/vivado/Chaos_Based_Symmetric_Image_Encryption/Chaos_Based_Symmetric_Image_Encryption.runs/synth_1/.Xil/Vivado-21231-ubuntu/realtime/floating_point_div_stub.v:6]
INFO: [Synth 8-6155] done synthesizing module 'floating_point_div' (0#1) [/home/vinhphat-josh/Repos/Chaos_Based_Symmetric_Image_Encryption/vivado/Chaos_Based_Symmetric_Image_Encryption/Chaos_Based_Symmetric_Image_Encryption.runs/synth_1/.Xil/Vivado-21231-ubuntu/realtime/floating_point_div_stub.v:6]
INFO: [Synth 8-6157] synthesizing module 'floating_point_add' [/home/vinhphat-josh/Repos/Chaos_Based_Symmetric_Image_Encryption/vivado/Chaos_Based_Symmetric_Image_Encryption/Chaos_Based_Symmetric_Image_Encryption.runs/synth_1/.Xil/Vivado-21231-ubuntu/realtime/floating_point_add_stub.v:6]
INFO: [Synth 8-6155] done synthesizing module 'floating_point_add' (0#1) [/home/vinhphat-josh/Repos/Chaos_Based_Symmetric_Image_Encryption/vivado/Chaos_Based_Symmetric_Image_Encryption/Chaos_Based_Symmetric_Image_Encryption.runs/synth_1/.Xil/Vivado-21231-ubuntu/realtime/floating_point_add_stub.v:6]
INFO: [Synth 8-6155] done synthesizing module 'sawtooth' (0#1) [/home/vinhphat-josh/Repos/Chaos_Based_Symmetric_Image_Encryption/sawtooth/sawtooth.v:1]
INFO: [Synth 8-6157] synthesizing module 'sigma' [/home/vinhphat-josh/Repos/Chaos_Based_Symmetric_Image_Encryption/sigma/sigma.v:1]
INFO: [Synth 8-6157] synthesizing module 'floating_point_sqrt' [/home/vinhphat-josh/Repos/Chaos_Based_Symmetric_Image_Encryption/vivado/Chaos_Based_Symmetric_Image_Encryption/Chaos_Based_Symmetric_Image_Encryption.runs/synth_1/.Xil/Vivado-21231-ubuntu/realtime/floating_point_sqrt_stub.v:6]
INFO: [Synth 8-6155] done synthesizing module 'floating_point_sqrt' (0#1) [/home/vinhphat-josh/Repos/Chaos_Based_Symmetric_Image_Encryption/vivado/Chaos_Based_Symmetric_Image_Encryption/Chaos_Based_Symmetric_Image_Encryption.runs/synth_1/.Xil/Vivado-21231-ubuntu/realtime/floating_point_sqrt_stub.v:6]
INFO: [Synth 8-6155] done synthesizing module 'sigma' (0#1) [/home/vinhphat-josh/Repos/Chaos_Based_Symmetric_Image_Encryption/sigma/sigma.v:1]
INFO: [Synth 8-6157] synthesizing module 'affine_transform' [/home/vinhphat-josh/Repos/Chaos_Based_Symmetric_Image_Encryption/affine_transform/affine_transform.v:1]
	Parameter PRECISION bound to: 32 - type: integer 
INFO: [Synth 8-6155] done synthesizing module 'affine_transform' (0#1) [/home/vinhphat-josh/Repos/Chaos_Based_Symmetric_Image_Encryption/affine_transform/affine_transform.v:1]
INFO: [Synth 8-6155] done synthesizing module 'PRNG' (0#1) [/home/vinhphat-josh/Repos/Chaos_Based_Symmetric_Image_Encryption/PRNG/PRNG.v:1]
INFO: [Synth 8-6157] synthesizing module 'sbox_generator' [/home/vinhphat-josh/Repos/Chaos_Based_Symmetric_Image_Encryption/sbox_generator/sbox_generator.v:1]
	Parameter PRECISION bound to: 32 - type: integer 
	Parameter EXTRACT_WIDTH bound to: 23 - type: integer 
	Parameter MIX_WIDTH bound to: 8 - type: integer 
INFO: [Synth 8-6157] synthesizing module 'extractor' [/home/vinhphat-josh/Repos/Chaos_Based_Symmetric_Image_Encryption/extractor/extractor.v:1]
INFO: [Synth 8-6155] done synthesizing module 'extractor' (0#1) [/home/vinhphat-josh/Repos/Chaos_Based_Symmetric_Image_Encryption/extractor/extractor.v:1]
INFO: [Synth 8-6157] synthesizing module 'mixer' [/home/vinhphat-josh/Repos/Chaos_Based_Symmetric_Image_Encryption/mixer/mixer.v:1]
INFO: [Synth 8-6155] done synthesizing module 'mixer' (0#1) [/home/vinhphat-josh/Repos/Chaos_Based_Symmetric_Image_Encryption/mixer/mixer.v:1]
INFO: [Synth 8-6155] done synthesizing module 'sbox_generator' (0#1) [/home/vinhphat-josh/Repos/Chaos_Based_Symmetric_Image_Encryption/sbox_generator/sbox_generator.v:1]
INFO: [Synth 8-6157] synthesizing module 'sbox' [/home/vinhphat-josh/Repos/Chaos_Based_Symmetric_Image_Encryption/sbox/sbox.v:1]
	Parameter SIZE bound to: 256 - type: integer 
	Parameter BIT_WIDTH bound to: 8 - type: integer 
INFO: [Synth 8-6155] done synthesizing module 'sbox' (0#1) [/home/vinhphat-josh/Repos/Chaos_Based_Symmetric_Image_Encryption/sbox/sbox.v:1]
INFO: [Synth 8-6157] synthesizing module 'key_generator' [/home/vinhphat-josh/Repos/Chaos_Based_Symmetric_Image_Encryption/key_gen/key_generator.v:1]
	Parameter V_SIZE bound to: 8 - type: integer 
	Parameter KEY_SIZE bound to: 128 - type: integer 
	Parameter ROUND bound to: 5 - type: integer 
INFO: [Synth 8-6157] synthesizing module 'subbytes' [/home/vinhphat-josh/Repos/Chaos_Based_Symmetric_Image_Encryption/AES/subbytes.v:1]
	Parameter SBOX_WIDTH bound to: 8 - type: integer 
	Parameter SBOX_DEPTH bound to: 256 - type: integer 
	Parameter DATA_WIDTH bound to: 128 - type: integer 
INFO: [Synth 8-6155] done synthesizing module 'subbytes' (0#1) [/home/vinhphat-josh/Repos/Chaos_Based_Symmetric_Image_Encryption/AES/subbytes.v:1]
INFO: [Synth 8-6155] done synthesizing module 'key_generator' (0#1) [/home/vinhphat-josh/Repos/Chaos_Based_Symmetric_Image_Encryption/key_gen/key_generator.v:1]
INFO: [Synth 8-6157] synthesizing module 'CTR_feistel_encrypt' [/home/vinhphat-josh/Repos/Chaos_Based_Symmetric_Image_Encryption/CTR_mode_feistel_encrypt/CTR_mode_feistel_encrypt.v:1]
	Parameter ROUND bound to: 5 - type: integer 
	Parameter KEY_SIZE bound to: 128 - type: integer 
	Parameter F_LAT bound to: 6 - type: integer 
	Parameter SBOX_WIDTH bound to: 8 - type: integer 
	Parameter DATA_WIDTH bound to: 256 - type: integer 
INFO: [Synth 8-6157] synthesizing module 'key_schedule_5r' [/home/vinhphat-josh/Repos/Chaos_Based_Symmetric_Image_Encryption/key_schedule_5r/key_schedule_5r.v:1]
	Parameter ROUND bound to: 5 - type: integer 
	Parameter KEY_SIZE bound to: 128 - type: integer 
INFO: [Synth 8-6155] done synthesizing module 'key_schedule_5r' (0#1) [/home/vinhphat-josh/Repos/Chaos_Based_Symmetric_Image_Encryption/key_schedule_5r/key_schedule_5r.v:1]
INFO: [Synth 8-6157] synthesizing module 'feistel_encrypt' [/home/vinhphat-josh/Repos/Chaos_Based_Symmetric_Image_Encryption/feistel_encrypt/feistel_encrypt.v:1]
	Parameter ROUND bound to: 5 - type: integer 
	Parameter F_LAT bound to: 6 - type: integer 
	Parameter SBOX_WIDTH bound to: 8 - type: integer 
	Parameter KEY_SIZE bound to: 128 - type: integer 
	Parameter DATA_WIDTH bound to: 256 - type: integer 
INFO: [Synth 8-6157] synthesizing module 'F' [/home/vinhphat-josh/Repos/Chaos_Based_Symmetric_Image_Encryption/F/F.v:1]
INFO: [Synth 8-6157] synthesizing module 'shiftrows' [/home/vinhphat-josh/Repos/Chaos_Based_Symmetric_Image_Encryption/AES/shiftrows.v:1]
INFO: [Synth 8-6155] done synthesizing module 'shiftrows' (0#1) [/home/vinhphat-josh/Repos/Chaos_Based_Symmetric_Image_Encryption/AES/shiftrows.v:1]
INFO: [Synth 8-6157] synthesizing module 'mixcolumns' [/home/vinhphat-josh/Repos/Chaos_Based_Symmetric_Image_Encryption/AES/mixcolumns.v:1]
INFO: [Synth 8-6155] done synthesizing module 'mixcolumns' (0#1) [/home/vinhphat-josh/Repos/Chaos_Based_Symmetric_Image_Encryption/AES/mixcolumns.v:1]
INFO: [Synth 8-6157] synthesizing module 'addroundkey' [/home/vinhphat-josh/Repos/Chaos_Based_Symmetric_Image_Encryption/AES/addroundkey.v:1]
INFO: [Synth 8-6155] done synthesizing module 'addroundkey' (0#1) [/home/vinhphat-josh/Repos/Chaos_Based_Symmetric_Image_Encryption/AES/addroundkey.v:1]
INFO: [Synth 8-6155] done synthesizing module 'F' (0#1) [/home/vinhphat-josh/Repos/Chaos_Based_Symmetric_Image_Encryption/F/F.v:1]
INFO: [Synth 8-6155] done synthesizing module 'feistel_encrypt' (0#1) [/home/vinhphat-josh/Repos/Chaos_Based_Symmetric_Image_Encryption/feistel_encrypt/feistel_encrypt.v:1]
INFO: [Synth 8-6155] done synthesizing module 'CTR_feistel_encrypt' (0#1) [/home/vinhphat-josh/Repos/Chaos_Based_Symmetric_Image_Encryption/CTR_mode_feistel_encrypt/CTR_mode_feistel_encrypt.v:1]
INFO: [Synth 8-6157] synthesizing module 'CTR_feistel_decrypt' [/home/vinhphat-josh/Repos/Chaos_Based_Symmetric_Image_Encryption/CTR_mode_feistel_encrypt/CTR_mode_feistel_decrypt.v:1]
	Parameter ROUND bound to: 5 - type: integer 
	Parameter KEY_SIZE bound to: 128 - type: integer 
	Parameter F_LAT bound to: 6 - type: integer 
	Parameter SBOX_WIDTH bound to: 8 - type: integer 
	Parameter DATA_WIDTH bound to: 256 - type: integer 
INFO: [Synth 8-6155] done synthesizing module 'CTR_feistel_decrypt' (0#1) [/home/vinhphat-josh/Repos/Chaos_Based_Symmetric_Image_Encryption/CTR_mode_feistel_encrypt/CTR_mode_feistel_decrypt.v:1]
INFO: [Synth 8-6155] done synthesizing module 'top' (0#1) [/home/vinhphat-josh/Repos/Chaos_Based_Symmetric_Image_Encryption/top/top.v:1]
WARNING: [Synth 8-6014] Unused sequential element sbox_mem_reg[0] was removed.  [/home/vinhphat-josh/Repos/Chaos_Based_Symmetric_Image_Encryption/sbox/sbox.v:29]
WARNING: [Synth 8-6014] Unused sequential element sbox_mem_reg[1] was removed.  [/home/vinhphat-josh/Repos/Chaos_Based_Symmetric_Image_Encryption/sbox/sbox.v:29]
WARNING: [Synth 8-6014] Unused sequential element sbox_mem_reg[2] was removed.  [/home/vinhphat-josh/Repos/Chaos_Based_Symmetric_Image_Encryption/sbox/sbox.v:29]
WARNING: [Synth 8-6014] Unused sequential element sbox_mem_reg[3] was removed.  [/home/vinhphat-josh/Repos/Chaos_Based_Symmetric_Image_Encryption/sbox/sbox.v:29]
WARNING: [Synth 8-6014] Unused sequential element sbox_mem_reg[4] was removed.  [/home/vinhphat-josh/Repos/Chaos_Based_Symmetric_Image_Encryption/sbox/sbox.v:29]
WARNING: [Synth 8-6014] Unused sequential element sbox_mem_reg[5] was removed.  [/home/vinhphat-josh/Repos/Chaos_Based_Symmetric_Image_Encryption/sbox/sbox.v:29]
WARNING: [Synth 8-6014] Unused sequential element sbox_mem_reg[6] was removed.  [/home/vinhphat-josh/Repos/Chaos_Based_Symmetric_Image_Encryption/sbox/sbox.v:29]
WARNING: [Synth 8-6014] Unused sequential element sbox_mem_reg[7] was removed.  [/home/vinhphat-josh/Repos/Chaos_Based_Symmetric_Image_Encryption/sbox/sbox.v:29]
WARNING: [Synth 8-6014] Unused sequential element sbox_mem_reg[8] was removed.  [/home/vinhphat-josh/Repos/Chaos_Based_Symmetric_Image_Encryption/sbox/sbox.v:29]
WARNING: [Synth 8-6014] Unused sequential element sbox_mem_reg[9] was removed.  [/home/vinhphat-josh/Repos/Chaos_Based_Symmetric_Image_Encryption/sbox/sbox.v:29]
WARNING: [Synth 8-6014] Unused sequential element sbox_mem_reg[10] was removed.  [/home/vinhphat-josh/Repos/Chaos_Based_Symmetric_Image_Encryption/sbox/sbox.v:29]
WARNING: [Synth 8-6014] Unused sequential element sbox_mem_reg[11] was removed.  [/home/vinhphat-josh/Repos/Chaos_Based_Symmetric_Image_Encryption/sbox/sbox.v:29]
WARNING: [Synth 8-6014] Unused sequential element sbox_mem_reg[12] was removed.  [/home/vinhphat-josh/Repos/Chaos_Based_Symmetric_Image_Encryption/sbox/sbox.v:29]
WARNING: [Synth 8-6014] Unused sequential element sbox_mem_reg[13] was removed.  [/home/vinhphat-josh/Repos/Chaos_Based_Symmetric_Image_Encryption/sbox/sbox.v:29]
WARNING: [Synth 8-6014] Unused sequential element sbox_mem_reg[14] was removed.  [/home/vinhphat-josh/Repos/Chaos_Based_Symmetric_Image_Encryption/sbox/sbox.v:29]
WARNING: [Synth 8-6014] Unused sequential element sbox_mem_reg[15] was removed.  [/home/vinhphat-josh/Repos/Chaos_Based_Symmetric_Image_Encryption/sbox/sbox.v:29]
WARNING: [Synth 8-6014] Unused sequential element sbox_mem_reg[16] was removed.  [/home/vinhphat-josh/Repos/Chaos_Based_Symmetric_Image_Encryption/sbox/sbox.v:29]
WARNING: [Synth 8-6014] Unused sequential element sbox_mem_reg[17] was removed.  [/home/vinhphat-josh/Repos/Chaos_Based_Symmetric_Image_Encryption/sbox/sbox.v:29]
WARNING: [Synth 8-6014] Unused sequential element sbox_mem_reg[18] was removed.  [/home/vinhphat-josh/Repos/Chaos_Based_Symmetric_Image_Encryption/sbox/sbox.v:29]
WARNING: [Synth 8-6014] Unused sequential element sbox_mem_reg[19] was removed.  [/home/vinhphat-josh/Repos/Chaos_Based_Symmetric_Image_Encryption/sbox/sbox.v:29]
WARNING: [Synth 8-6014] Unused sequential element sbox_mem_reg[20] was removed.  [/home/vinhphat-josh/Repos/Chaos_Based_Symmetric_Image_Encryption/sbox/sbox.v:29]
WARNING: [Synth 8-6014] Unused sequential element sbox_mem_reg[21] was removed.  [/home/vinhphat-josh/Repos/Chaos_Based_Symmetric_Image_Encryption/sbox/sbox.v:29]
WARNING: [Synth 8-6014] Unused sequential element sbox_mem_reg[22] was removed.  [/home/vinhphat-josh/Repos/Chaos_Based_Symmetric_Image_Encryption/sbox/sbox.v:29]
WARNING: [Synth 8-6014] Unused sequential element sbox_mem_reg[23] was removed.  [/home/vinhphat-josh/Repos/Chaos_Based_Symmetric_Image_Encryption/sbox/sbox.v:29]
WARNING: [Synth 8-6014] Unused sequential element sbox_mem_reg[24] was removed.  [/home/vinhphat-josh/Repos/Chaos_Based_Symmetric_Image_Encryption/sbox/sbox.v:29]
WARNING: [Synth 8-6014] Unused sequential element sbox_mem_reg[25] was removed.  [/home/vinhphat-josh/Repos/Chaos_Based_Symmetric_Image_Encryption/sbox/sbox.v:29]
WARNING: [Synth 8-6014] Unused sequential element sbox_mem_reg[26] was removed.  [/home/vinhphat-josh/Repos/Chaos_Based_Symmetric_Image_Encryption/sbox/sbox.v:29]
WARNING: [Synth 8-6014] Unused sequential element sbox_mem_reg[27] was removed.  [/home/vinhphat-josh/Repos/Chaos_Based_Symmetric_Image_Encryption/sbox/sbox.v:29]
WARNING: [Synth 8-6014] Unused sequential element sbox_mem_reg[28] was removed.  [/home/vinhphat-josh/Repos/Chaos_Based_Symmetric_Image_Encryption/sbox/sbox.v:29]
WARNING: [Synth 8-6014] Unused sequential element sbox_mem_reg[29] was removed.  [/home/vinhphat-josh/Repos/Chaos_Based_Symmetric_Image_Encryption/sbox/sbox.v:29]
WARNING: [Synth 8-6014] Unused sequential element sbox_mem_reg[30] was removed.  [/home/vinhphat-josh/Repos/Chaos_Based_Symmetric_Image_Encryption/sbox/sbox.v:29]
WARNING: [Synth 8-6014] Unused sequential element sbox_mem_reg[31] was removed.  [/home/vinhphat-josh/Repos/Chaos_Based_Symmetric_Image_Encryption/sbox/sbox.v:29]
WARNING: [Synth 8-6014] Unused sequential element sbox_mem_reg[32] was removed.  [/home/vinhphat-josh/Repos/Chaos_Based_Symmetric_Image_Encryption/sbox/sbox.v:29]
WARNING: [Synth 8-6014] Unused sequential element sbox_mem_reg[33] was removed.  [/home/vinhphat-josh/Repos/Chaos_Based_Symmetric_Image_Encryption/sbox/sbox.v:29]
WARNING: [Synth 8-6014] Unused sequential element sbox_mem_reg[34] was removed.  [/home/vinhphat-josh/Repos/Chaos_Based_Symmetric_Image_Encryption/sbox/sbox.v:29]
WARNING: [Synth 8-6014] Unused sequential element sbox_mem_reg[35] was removed.  [/home/vinhphat-josh/Repos/Chaos_Based_Symmetric_Image_Encryption/sbox/sbox.v:29]
WARNING: [Synth 8-6014] Unused sequential element sbox_mem_reg[36] was removed.  [/home/vinhphat-josh/Repos/Chaos_Based_Symmetric_Image_Encryption/sbox/sbox.v:29]
WARNING: [Synth 8-6014] Unused sequential element sbox_mem_reg[37] was removed.  [/home/vinhphat-josh/Repos/Chaos_Based_Symmetric_Image_Encryption/sbox/sbox.v:29]
WARNING: [Synth 8-6014] Unused sequential element sbox_mem_reg[38] was removed.  [/home/vinhphat-josh/Repos/Chaos_Based_Symmetric_Image_Encryption/sbox/sbox.v:29]
WARNING: [Synth 8-6014] Unused sequential element sbox_mem_reg[39] was removed.  [/home/vinhphat-josh/Repos/Chaos_Based_Symmetric_Image_Encryption/sbox/sbox.v:29]
WARNING: [Synth 8-6014] Unused sequential element sbox_mem_reg[40] was removed.  [/home/vinhphat-josh/Repos/Chaos_Based_Symmetric_Image_Encryption/sbox/sbox.v:29]
WARNING: [Synth 8-6014] Unused sequential element sbox_mem_reg[41] was removed.  [/home/vinhphat-josh/Repos/Chaos_Based_Symmetric_Image_Encryption/sbox/sbox.v:29]
WARNING: [Synth 8-6014] Unused sequential element sbox_mem_reg[42] was removed.  [/home/vinhphat-josh/Repos/Chaos_Based_Symmetric_Image_Encryption/sbox/sbox.v:29]
WARNING: [Synth 8-6014] Unused sequential element sbox_mem_reg[43] was removed.  [/home/vinhphat-josh/Repos/Chaos_Based_Symmetric_Image_Encryption/sbox/sbox.v:29]
WARNING: [Synth 8-6014] Unused sequential element sbox_mem_reg[44] was removed.  [/home/vinhphat-josh/Repos/Chaos_Based_Symmetric_Image_Encryption/sbox/sbox.v:29]
WARNING: [Synth 8-6014] Unused sequential element sbox_mem_reg[45] was removed.  [/home/vinhphat-josh/Repos/Chaos_Based_Symmetric_Image_Encryption/sbox/sbox.v:29]
WARNING: [Synth 8-6014] Unused sequential element sbox_mem_reg[46] was removed.  [/home/vinhphat-josh/Repos/Chaos_Based_Symmetric_Image_Encryption/sbox/sbox.v:29]
WARNING: [Synth 8-6014] Unused sequential element sbox_mem_reg[47] was removed.  [/home/vinhphat-josh/Repos/Chaos_Based_Symmetric_Image_Encryption/sbox/sbox.v:29]
WARNING: [Synth 8-6014] Unused sequential element sbox_mem_reg[48] was removed.  [/home/vinhphat-josh/Repos/Chaos_Based_Symmetric_Image_Encryption/sbox/sbox.v:29]
WARNING: [Synth 8-6014] Unused sequential element sbox_mem_reg[49] was removed.  [/home/vinhphat-josh/Repos/Chaos_Based_Symmetric_Image_Encryption/sbox/sbox.v:29]
WARNING: [Synth 8-6014] Unused sequential element sbox_mem_reg[50] was removed.  [/home/vinhphat-josh/Repos/Chaos_Based_Symmetric_Image_Encryption/sbox/sbox.v:29]
WARNING: [Synth 8-6014] Unused sequential element sbox_mem_reg[51] was removed.  [/home/vinhphat-josh/Repos/Chaos_Based_Symmetric_Image_Encryption/sbox/sbox.v:29]
WARNING: [Synth 8-6014] Unused sequential element sbox_mem_reg[52] was removed.  [/home/vinhphat-josh/Repos/Chaos_Based_Symmetric_Image_Encryption/sbox/sbox.v:29]
WARNING: [Synth 8-6014] Unused sequential element sbox_mem_reg[53] was removed.  [/home/vinhphat-josh/Repos/Chaos_Based_Symmetric_Image_Encryption/sbox/sbox.v:29]
WARNING: [Synth 8-6014] Unused sequential element sbox_mem_reg[54] was removed.  [/home/vinhphat-josh/Repos/Chaos_Based_Symmetric_Image_Encryption/sbox/sbox.v:29]
WARNING: [Synth 8-6014] Unused sequential element sbox_mem_reg[55] was removed.  [/home/vinhphat-josh/Repos/Chaos_Based_Symmetric_Image_Encryption/sbox/sbox.v:29]
WARNING: [Synth 8-6014] Unused sequential element sbox_mem_reg[56] was removed.  [/home/vinhphat-josh/Repos/Chaos_Based_Symmetric_Image_Encryption/sbox/sbox.v:29]
WARNING: [Synth 8-6014] Unused sequential element sbox_mem_reg[57] was removed.  [/home/vinhphat-josh/Repos/Chaos_Based_Symmetric_Image_Encryption/sbox/sbox.v:29]
WARNING: [Synth 8-6014] Unused sequential element sbox_mem_reg[58] was removed.  [/home/vinhphat-josh/Repos/Chaos_Based_Symmetric_Image_Encryption/sbox/sbox.v:29]
WARNING: [Synth 8-6014] Unused sequential element sbox_mem_reg[59] was removed.  [/home/vinhphat-josh/Repos/Chaos_Based_Symmetric_Image_Encryption/sbox/sbox.v:29]
WARNING: [Synth 8-6014] Unused sequential element sbox_mem_reg[60] was removed.  [/home/vinhphat-josh/Repos/Chaos_Based_Symmetric_Image_Encryption/sbox/sbox.v:29]
WARNING: [Synth 8-6014] Unused sequential element sbox_mem_reg[61] was removed.  [/home/vinhphat-josh/Repos/Chaos_Based_Symmetric_Image_Encryption/sbox/sbox.v:29]
WARNING: [Synth 8-6014] Unused sequential element sbox_mem_reg[62] was removed.  [/home/vinhphat-josh/Repos/Chaos_Based_Symmetric_Image_Encryption/sbox/sbox.v:29]
WARNING: [Synth 8-6014] Unused sequential element sbox_mem_reg[63] was removed.  [/home/vinhphat-josh/Repos/Chaos_Based_Symmetric_Image_Encryption/sbox/sbox.v:29]
WARNING: [Synth 8-6014] Unused sequential element sbox_mem_reg[64] was removed.  [/home/vinhphat-josh/Repos/Chaos_Based_Symmetric_Image_Encryption/sbox/sbox.v:29]
WARNING: [Synth 8-6014] Unused sequential element sbox_mem_reg[65] was removed.  [/home/vinhphat-josh/Repos/Chaos_Based_Symmetric_Image_Encryption/sbox/sbox.v:29]
WARNING: [Synth 8-6014] Unused sequential element sbox_mem_reg[66] was removed.  [/home/vinhphat-josh/Repos/Chaos_Based_Symmetric_Image_Encryption/sbox/sbox.v:29]
WARNING: [Synth 8-6014] Unused sequential element sbox_mem_reg[67] was removed.  [/home/vinhphat-josh/Repos/Chaos_Based_Symmetric_Image_Encryption/sbox/sbox.v:29]
WARNING: [Synth 8-6014] Unused sequential element sbox_mem_reg[68] was removed.  [/home/vinhphat-josh/Repos/Chaos_Based_Symmetric_Image_Encryption/sbox/sbox.v:29]
WARNING: [Synth 8-6014] Unused sequential element sbox_mem_reg[69] was removed.  [/home/vinhphat-josh/Repos/Chaos_Based_Symmetric_Image_Encryption/sbox/sbox.v:29]
WARNING: [Synth 8-6014] Unused sequential element sbox_mem_reg[70] was removed.  [/home/vinhphat-josh/Repos/Chaos_Based_Symmetric_Image_Encryption/sbox/sbox.v:29]
WARNING: [Synth 8-6014] Unused sequential element sbox_mem_reg[71] was removed.  [/home/vinhphat-josh/Repos/Chaos_Based_Symmetric_Image_Encryption/sbox/sbox.v:29]
WARNING: [Synth 8-6014] Unused sequential element sbox_mem_reg[72] was removed.  [/home/vinhphat-josh/Repos/Chaos_Based_Symmetric_Image_Encryption/sbox/sbox.v:29]
WARNING: [Synth 8-6014] Unused sequential element sbox_mem_reg[73] was removed.  [/home/vinhphat-josh/Repos/Chaos_Based_Symmetric_Image_Encryption/sbox/sbox.v:29]
WARNING: [Synth 8-6014] Unused sequential element sbox_mem_reg[74] was removed.  [/home/vinhphat-josh/Repos/Chaos_Based_Symmetric_Image_Encryption/sbox/sbox.v:29]
WARNING: [Synth 8-6014] Unused sequential element sbox_mem_reg[75] was removed.  [/home/vinhphat-josh/Repos/Chaos_Based_Symmetric_Image_Encryption/sbox/sbox.v:29]
WARNING: [Synth 8-6014] Unused sequential element sbox_mem_reg[76] was removed.  [/home/vinhphat-josh/Repos/Chaos_Based_Symmetric_Image_Encryption/sbox/sbox.v:29]
WARNING: [Synth 8-6014] Unused sequential element sbox_mem_reg[77] was removed.  [/home/vinhphat-josh/Repos/Chaos_Based_Symmetric_Image_Encryption/sbox/sbox.v:29]
WARNING: [Synth 8-6014] Unused sequential element sbox_mem_reg[78] was removed.  [/home/vinhphat-josh/Repos/Chaos_Based_Symmetric_Image_Encryption/sbox/sbox.v:29]
WARNING: [Synth 8-6014] Unused sequential element sbox_mem_reg[79] was removed.  [/home/vinhphat-josh/Repos/Chaos_Based_Symmetric_Image_Encryption/sbox/sbox.v:29]
WARNING: [Synth 8-6014] Unused sequential element sbox_mem_reg[80] was removed.  [/home/vinhphat-josh/Repos/Chaos_Based_Symmetric_Image_Encryption/sbox/sbox.v:29]
WARNING: [Synth 8-6014] Unused sequential element sbox_mem_reg[81] was removed.  [/home/vinhphat-josh/Repos/Chaos_Based_Symmetric_Image_Encryption/sbox/sbox.v:29]
WARNING: [Synth 8-6014] Unused sequential element sbox_mem_reg[82] was removed.  [/home/vinhphat-josh/Repos/Chaos_Based_Symmetric_Image_Encryption/sbox/sbox.v:29]
WARNING: [Synth 8-6014] Unused sequential element sbox_mem_reg[83] was removed.  [/home/vinhphat-josh/Repos/Chaos_Based_Symmetric_Image_Encryption/sbox/sbox.v:29]
WARNING: [Synth 8-6014] Unused sequential element sbox_mem_reg[84] was removed.  [/home/vinhphat-josh/Repos/Chaos_Based_Symmetric_Image_Encryption/sbox/sbox.v:29]
WARNING: [Synth 8-6014] Unused sequential element sbox_mem_reg[85] was removed.  [/home/vinhphat-josh/Repos/Chaos_Based_Symmetric_Image_Encryption/sbox/sbox.v:29]
WARNING: [Synth 8-6014] Unused sequential element sbox_mem_reg[86] was removed.  [/home/vinhphat-josh/Repos/Chaos_Based_Symmetric_Image_Encryption/sbox/sbox.v:29]
WARNING: [Synth 8-6014] Unused sequential element sbox_mem_reg[87] was removed.  [/home/vinhphat-josh/Repos/Chaos_Based_Symmetric_Image_Encryption/sbox/sbox.v:29]
WARNING: [Synth 8-6014] Unused sequential element sbox_mem_reg[88] was removed.  [/home/vinhphat-josh/Repos/Chaos_Based_Symmetric_Image_Encryption/sbox/sbox.v:29]
WARNING: [Synth 8-6014] Unused sequential element sbox_mem_reg[89] was removed.  [/home/vinhphat-josh/Repos/Chaos_Based_Symmetric_Image_Encryption/sbox/sbox.v:29]
WARNING: [Synth 8-6014] Unused sequential element sbox_mem_reg[90] was removed.  [/home/vinhphat-josh/Repos/Chaos_Based_Symmetric_Image_Encryption/sbox/sbox.v:29]
WARNING: [Synth 8-6014] Unused sequential element sbox_mem_reg[91] was removed.  [/home/vinhphat-josh/Repos/Chaos_Based_Symmetric_Image_Encryption/sbox/sbox.v:29]
WARNING: [Synth 8-6014] Unused sequential element sbox_mem_reg[92] was removed.  [/home/vinhphat-josh/Repos/Chaos_Based_Symmetric_Image_Encryption/sbox/sbox.v:29]
WARNING: [Synth 8-6014] Unused sequential element sbox_mem_reg[93] was removed.  [/home/vinhphat-josh/Repos/Chaos_Based_Symmetric_Image_Encryption/sbox/sbox.v:29]
WARNING: [Synth 8-6014] Unused sequential element sbox_mem_reg[94] was removed.  [/home/vinhphat-josh/Repos/Chaos_Based_Symmetric_Image_Encryption/sbox/sbox.v:29]
WARNING: [Synth 8-6014] Unused sequential element sbox_mem_reg[95] was removed.  [/home/vinhphat-josh/Repos/Chaos_Based_Symmetric_Image_Encryption/sbox/sbox.v:29]
WARNING: [Synth 8-6014] Unused sequential element sbox_mem_reg[96] was removed.  [/home/vinhphat-josh/Repos/Chaos_Based_Symmetric_Image_Encryption/sbox/sbox.v:29]
WARNING: [Synth 8-6014] Unused sequential element sbox_mem_reg[97] was removed.  [/home/vinhphat-josh/Repos/Chaos_Based_Symmetric_Image_Encryption/sbox/sbox.v:29]
WARNING: [Synth 8-6014] Unused sequential element sbox_mem_reg[98] was removed.  [/home/vinhphat-josh/Repos/Chaos_Based_Symmetric_Image_Encryption/sbox/sbox.v:29]
WARNING: [Synth 8-6014] Unused sequential element sbox_mem_reg[99] was removed.  [/home/vinhphat-josh/Repos/Chaos_Based_Symmetric_Image_Encryption/sbox/sbox.v:29]
INFO: [Common 17-14] Message 'Synth 8-6014' appears 100 times and further instances of the messages will be disabled. Use the Tcl command set_msg_config to change the current settings.
WARNING: [Synth 8-11357] Potential Runtime issue for 3D-RAM or RAM from Record/Structs for RAM  L_reg_reg with 19968 registers
WARNING: [Synth 8-11357] Potential Runtime issue for 3D-RAM or RAM from Record/Structs for RAM  R_reg_reg with 19968 registers
WARNING: [Synth 8-7129] Port ex1[22] in module mixer is either unconnected or has no load
WARNING: [Synth 8-7129] Port ex1[21] in module mixer is either unconnected or has no load
WARNING: [Synth 8-7129] Port ex1[20] in module mixer is either unconnected or has no load
WARNING: [Synth 8-7129] Port ex1[19] in module mixer is either unconnected or has no load
WARNING: [Synth 8-7129] Port ex1[18] in module mixer is either unconnected or has no load
WARNING: [Synth 8-7129] Port ex1[17] in module mixer is either unconnected or has no load
WARNING: [Synth 8-7129] Port ex1[16] in module mixer is either unconnected or has no load
WARNING: [Synth 8-7129] Port ex1[15] in module mixer is either unconnected or has no load
WARNING: [Synth 8-7129] Port ex1[14] in module mixer is either unconnected or has no load
WARNING: [Synth 8-7129] Port ex1[13] in module mixer is either unconnected or has no load
WARNING: [Synth 8-7129] Port ex1[12] in module mixer is either unconnected or has no load
WARNING: [Synth 8-7129] Port ex1[11] in module mixer is either unconnected or has no load
WARNING: [Synth 8-7129] Port ex1[10] in module mixer is either unconnected or has no load
WARNING: [Synth 8-7129] Port ex1[9] in module mixer is either unconnected or has no load
WARNING: [Synth 8-7129] Port ex1[8] in module mixer is either unconnected or has no load
WARNING: [Synth 8-7129] Port ex2[22] in module mixer is either unconnected or has no load
WARNING: [Synth 8-7129] Port ex2[21] in module mixer is either unconnected or has no load
WARNING: [Synth 8-7129] Port ex2[20] in module mixer is either unconnected or has no load
WARNING: [Synth 8-7129] Port ex2[19] in module mixer is either unconnected or has no load
WARNING: [Synth 8-7129] Port ex2[18] in module mixer is either unconnected or has no load
WARNING: [Synth 8-7129] Port ex2[17] in module mixer is either unconnected or has no load
WARNING: [Synth 8-7129] Port ex2[16] in module mixer is either unconnected or has no load
WARNING: [Synth 8-7129] Port ex2[15] in module mixer is either unconnected or has no load
WARNING: [Synth 8-7129] Port ex2[14] in module mixer is either unconnected or has no load
WARNING: [Synth 8-7129] Port ex2[13] in module mixer is either unconnected or has no load
WARNING: [Synth 8-7129] Port ex2[12] in module mixer is either unconnected or has no load
WARNING: [Synth 8-7129] Port ex2[11] in module mixer is either unconnected or has no load
WARNING: [Synth 8-7129] Port ex2[10] in module mixer is either unconnected or has no load
WARNING: [Synth 8-7129] Port ex2[9] in module mixer is either unconnected or has no load
WARNING: [Synth 8-7129] Port ex2[8] in module mixer is either unconnected or has no load
WARNING: [Synth 8-7129] Port ex3[22] in module mixer is either unconnected or has no load
WARNING: [Synth 8-7129] Port ex3[21] in module mixer is either unconnected or has no load
WARNING: [Synth 8-7129] Port ex3[20] in module mixer is either unconnected or has no load
WARNING: [Synth 8-7129] Port ex3[19] in module mixer is either unconnected or has no load
WARNING: [Synth 8-7129] Port ex3[18] in module mixer is either unconnected or has no load
WARNING: [Synth 8-7129] Port ex3[17] in module mixer is either unconnected or has no load
WARNING: [Synth 8-7129] Port ex3[16] in module mixer is either unconnected or has no load
WARNING: [Synth 8-7129] Port ex3[15] in module mixer is either unconnected or has no load
WARNING: [Synth 8-7129] Port ex3[14] in module mixer is either unconnected or has no load
WARNING: [Synth 8-7129] Port ex3[13] in module mixer is either unconnected or has no load
WARNING: [Synth 8-7129] Port ex3[12] in module mixer is either unconnected or has no load
WARNING: [Synth 8-7129] Port ex3[11] in module mixer is either unconnected or has no load
WARNING: [Synth 8-7129] Port ex3[10] in module mixer is either unconnected or has no load
WARNING: [Synth 8-7129] Port ex3[9] in module mixer is either unconnected or has no load
WARNING: [Synth 8-7129] Port ex3[8] in module mixer is either unconnected or has no load
---------------------------------------------------------------------------------
Finished RTL Elaboration : Time (s): cpu = 00:00:05 ; elapsed = 00:00:05 . Memory (MB): peak = 2736.234 ; gain = 498.746 ; free physical = 146 ; free virtual = 4154
---------------------------------------------------------------------------------
---------------------------------------------------------------------------------
Start Handling Custom Attributes
---------------------------------------------------------------------------------
---------------------------------------------------------------------------------
Finished Handling Custom Attributes : Time (s): cpu = 00:00:05 ; elapsed = 00:00:05 . Memory (MB): peak = 2736.234 ; gain = 498.746 ; free physical = 146 ; free virtual = 4154
---------------------------------------------------------------------------------
---------------------------------------------------------------------------------
Finished RTL Optimization Phase 1 : Time (s): cpu = 00:00:05 ; elapsed = 00:00:05 . Memory (MB): peak = 2736.234 ; gain = 498.746 ; free physical = 146 ; free virtual = 4154
---------------------------------------------------------------------------------
Netlist sorting complete. Time (s): cpu = 00:00:00.65 ; elapsed = 00:00:00.65 . Memory (MB): peak = 2736.234 ; gain = 0.000 ; free physical = 205 ; free virtual = 4129
INFO: [Project 1-570] Preparing netlist for logic optimization

Processing XDC Constraints
Initializing timing engine
Parsing XDC File [/home/vinhphat-josh/Repos/Chaos_Based_Symmetric_Image_Encryption/vivado/Chaos_Based_Symmetric_Image_Encryption/Chaos_Based_Symmetric_Image_Encryption.gen/sources_1/ip/floating_point_sqrt/floating_point_sqrt/floating_point_sqrt_in_context.xdc] for cell 'PRNG_u/sigma_u/sqrt'
Finished Parsing XDC File [/home/vinhphat-josh/Repos/Chaos_Based_Symmetric_Image_Encryption/vivado/Chaos_Based_Symmetric_Image_Encryption/Chaos_Based_Symmetric_Image_Encryption.gen/sources_1/ip/floating_point_sqrt/floating_point_sqrt/floating_point_sqrt_in_context.xdc] for cell 'PRNG_u/sigma_u/sqrt'
Parsing XDC File [/home/vinhphat-josh/Repos/Chaos_Based_Symmetric_Image_Encryption/vivado/Chaos_Based_Symmetric_Image_Encryption/Chaos_Based_Symmetric_Image_Encryption.gen/sources_1/ip/floating_point_add/floating_point_add/floating_point_add_in_context.xdc] for cell 'PRNG_u/sawtooth_block[0].sawtooth_inst/add_1'
Finished Parsing XDC File [/home/vinhphat-josh/Repos/Chaos_Based_Symmetric_Image_Encryption/vivado/Chaos_Based_Symmetric_Image_Encryption/Chaos_Based_Symmetric_Image_Encryption.gen/sources_1/ip/floating_point_add/floating_point_add/floating_point_add_in_context.xdc] for cell 'PRNG_u/sawtooth_block[0].sawtooth_inst/add_1'
Parsing XDC File [/home/vinhphat-josh/Repos/Chaos_Based_Symmetric_Image_Encryption/vivado/Chaos_Based_Symmetric_Image_Encryption/Chaos_Based_Symmetric_Image_Encryption.gen/sources_1/ip/floating_point_add/floating_point_add/floating_point_add_in_context.xdc] for cell 'PRNG_u/sawtooth_block[0].sawtooth_inst/add_2'
Finished Parsing XDC File [/home/vinhphat-josh/Repos/Chaos_Based_Symmetric_Image_Encryption/vivado/Chaos_Based_Symmetric_Image_Encryption/Chaos_Based_Symmetric_Image_Encryption.gen/sources_1/ip/floating_point_add/floating_point_add/floating_point_add_in_context.xdc] for cell 'PRNG_u/sawtooth_block[0].sawtooth_inst/add_2'
Parsing XDC File [/home/vinhphat-josh/Repos/Chaos_Based_Symmetric_Image_Encryption/vivado/Chaos_Based_Symmetric_Image_Encryption/Chaos_Based_Symmetric_Image_Encryption.gen/sources_1/ip/floating_point_add/floating_point_add/floating_point_add_in_context.xdc] for cell 'PRNG_u/sawtooth_block[1].sawtooth_inst/add_1'
Finished Parsing XDC File [/home/vinhphat-josh/Repos/Chaos_Based_Symmetric_Image_Encryption/vivado/Chaos_Based_Symmetric_Image_Encryption/Chaos_Based_Symmetric_Image_Encryption.gen/sources_1/ip/floating_point_add/floating_point_add/floating_point_add_in_context.xdc] for cell 'PRNG_u/sawtooth_block[1].sawtooth_inst/add_1'
Parsing XDC File [/home/vinhphat-josh/Repos/Chaos_Based_Symmetric_Image_Encryption/vivado/Chaos_Based_Symmetric_Image_Encryption/Chaos_Based_Symmetric_Image_Encryption.gen/sources_1/ip/floating_point_add/floating_point_add/floating_point_add_in_context.xdc] for cell 'PRNG_u/sawtooth_block[1].sawtooth_inst/add_2'
Finished Parsing XDC File [/home/vinhphat-josh/Repos/Chaos_Based_Symmetric_Image_Encryption/vivado/Chaos_Based_Symmetric_Image_Encryption/Chaos_Based_Symmetric_Image_Encryption.gen/sources_1/ip/floating_point_add/floating_point_add/floating_point_add_in_context.xdc] for cell 'PRNG_u/sawtooth_block[1].sawtooth_inst/add_2'
Parsing XDC File [/home/vinhphat-josh/Repos/Chaos_Based_Symmetric_Image_Encryption/vivado/Chaos_Based_Symmetric_Image_Encryption/Chaos_Based_Symmetric_Image_Encryption.gen/sources_1/ip/floating_point_add/floating_point_add/floating_point_add_in_context.xdc] for cell 'PRNG_u/sawtooth_block[2].sawtooth_inst/add_1'
Finished Parsing XDC File [/home/vinhphat-josh/Repos/Chaos_Based_Symmetric_Image_Encryption/vivado/Chaos_Based_Symmetric_Image_Encryption/Chaos_Based_Symmetric_Image_Encryption.gen/sources_1/ip/floating_point_add/floating_point_add/floating_point_add_in_context.xdc] for cell 'PRNG_u/sawtooth_block[2].sawtooth_inst/add_1'
Parsing XDC File [/home/vinhphat-josh/Repos/Chaos_Based_Symmetric_Image_Encryption/vivado/Chaos_Based_Symmetric_Image_Encryption/Chaos_Based_Symmetric_Image_Encryption.gen/sources_1/ip/floating_point_add/floating_point_add/floating_point_add_in_context.xdc] for cell 'PRNG_u/sawtooth_block[2].sawtooth_inst/add_2'
Finished Parsing XDC File [/home/vinhphat-josh/Repos/Chaos_Based_Symmetric_Image_Encryption/vivado/Chaos_Based_Symmetric_Image_Encryption/Chaos_Based_Symmetric_Image_Encryption.gen/sources_1/ip/floating_point_add/floating_point_add/floating_point_add_in_context.xdc] for cell 'PRNG_u/sawtooth_block[2].sawtooth_inst/add_2'
Parsing XDC File [/home/vinhphat-josh/Repos/Chaos_Based_Symmetric_Image_Encryption/vivado/Chaos_Based_Symmetric_Image_Encryption/Chaos_Based_Symmetric_Image_Encryption.gen/sources_1/ip/floating_point_add/floating_point_add/floating_point_add_in_context.xdc] for cell 'PRNG_u/sigma_u/add_block[0].add_inst'
Finished Parsing XDC File [/home/vinhphat-josh/Repos/Chaos_Based_Symmetric_Image_Encryption/vivado/Chaos_Based_Symmetric_Image_Encryption/Chaos_Based_Symmetric_Image_Encryption.gen/sources_1/ip/floating_point_add/floating_point_add/floating_point_add_in_context.xdc] for cell 'PRNG_u/sigma_u/add_block[0].add_inst'
Parsing XDC File [/home/vinhphat-josh/Repos/Chaos_Based_Symmetric_Image_Encryption/vivado/Chaos_Based_Symmetric_Image_Encryption/Chaos_Based_Symmetric_Image_Encryption.gen/sources_1/ip/floating_point_add/floating_point_add/floating_point_add_in_context.xdc] for cell 'PRNG_u/sigma_u/add_block[1].add_inst'
Finished Parsing XDC File [/home/vinhphat-josh/Repos/Chaos_Based_Symmetric_Image_Encryption/vivado/Chaos_Based_Symmetric_Image_Encryption/Chaos_Based_Symmetric_Image_Encryption.gen/sources_1/ip/floating_point_add/floating_point_add/floating_point_add_in_context.xdc] for cell 'PRNG_u/sigma_u/add_block[1].add_inst'
Parsing XDC File [/home/vinhphat-josh/Repos/Chaos_Based_Symmetric_Image_Encryption/vivado/Chaos_Based_Symmetric_Image_Encryption/Chaos_Based_Symmetric_Image_Encryption.gen/sources_1/ip/floating_point_add/floating_point_add/floating_point_add_in_context.xdc] for cell 'PRNG_u/sigma_u/add_block[2].add_inst'
Finished Parsing XDC File [/home/vinhphat-josh/Repos/Chaos_Based_Symmetric_Image_Encryption/vivado/Chaos_Based_Symmetric_Image_Encryption/Chaos_Based_Symmetric_Image_Encryption.gen/sources_1/ip/floating_point_add/floating_point_add/floating_point_add_in_context.xdc] for cell 'PRNG_u/sigma_u/add_block[2].add_inst'
Parsing XDC File [/home/vinhphat-josh/Repos/Chaos_Based_Symmetric_Image_Encryption/vivado/Chaos_Based_Symmetric_Image_Encryption/Chaos_Based_Symmetric_Image_Encryption.gen/sources_1/ip/floating_point_add/floating_point_add/floating_point_add_in_context.xdc] for cell 'PRNG_u/sigma_u/add_block[3].add_inst'
Finished Parsing XDC File [/home/vinhphat-josh/Repos/Chaos_Based_Symmetric_Image_Encryption/vivado/Chaos_Based_Symmetric_Image_Encryption/Chaos_Based_Symmetric_Image_Encryption.gen/sources_1/ip/floating_point_add/floating_point_add/floating_point_add_in_context.xdc] for cell 'PRNG_u/sigma_u/add_block[3].add_inst'
Parsing XDC File [/home/vinhphat-josh/Repos/Chaos_Based_Symmetric_Image_Encryption/vivado/Chaos_Based_Symmetric_Image_Encryption/Chaos_Based_Symmetric_Image_Encryption.gen/sources_1/ip/floating_point_add/floating_point_add/floating_point_add_in_context.xdc] for cell 'PRNG_u/sigma_u/add_block[4].add_inst'
Finished Parsing XDC File [/home/vinhphat-josh/Repos/Chaos_Based_Symmetric_Image_Encryption/vivado/Chaos_Based_Symmetric_Image_Encryption/Chaos_Based_Symmetric_Image_Encryption.gen/sources_1/ip/floating_point_add/floating_point_add/floating_point_add_in_context.xdc] for cell 'PRNG_u/sigma_u/add_block[4].add_inst'
Parsing XDC File [/home/vinhphat-josh/Repos/Chaos_Based_Symmetric_Image_Encryption/vivado/Chaos_Based_Symmetric_Image_Encryption/Chaos_Based_Symmetric_Image_Encryption.gen/sources_1/ip/floating_point_add/floating_point_add/floating_point_add_in_context.xdc] for cell 'PRNG_u/sigma_u/add_block[5].add_inst'
Finished Parsing XDC File [/home/vinhphat-josh/Repos/Chaos_Based_Symmetric_Image_Encryption/vivado/Chaos_Based_Symmetric_Image_Encryption/Chaos_Based_Symmetric_Image_Encryption.gen/sources_1/ip/floating_point_add/floating_point_add/floating_point_add_in_context.xdc] for cell 'PRNG_u/sigma_u/add_block[5].add_inst'
Parsing XDC File [/home/vinhphat-josh/Repos/Chaos_Based_Symmetric_Image_Encryption/vivado/Chaos_Based_Symmetric_Image_Encryption/Chaos_Based_Symmetric_Image_Encryption.gen/sources_1/ip/floating_point_add/floating_point_add/floating_point_add_in_context.xdc] for cell 'PRNG_u/sigma_u/add_block[6].add_inst'
Finished Parsing XDC File [/home/vinhphat-josh/Repos/Chaos_Based_Symmetric_Image_Encryption/vivado/Chaos_Based_Symmetric_Image_Encryption/Chaos_Based_Symmetric_Image_Encryption.gen/sources_1/ip/floating_point_add/floating_point_add/floating_point_add_in_context.xdc] for cell 'PRNG_u/sigma_u/add_block[6].add_inst'
Parsing XDC File [/home/vinhphat-josh/Repos/Chaos_Based_Symmetric_Image_Encryption/vivado/Chaos_Based_Symmetric_Image_Encryption/Chaos_Based_Symmetric_Image_Encryption.gen/sources_1/ip/floating_point_add/floating_point_add/floating_point_add_in_context.xdc] for cell 'PRNG_u/sigma_u/add_block[7].add_inst'
Finished Parsing XDC File [/home/vinhphat-josh/Repos/Chaos_Based_Symmetric_Image_Encryption/vivado/Chaos_Based_Symmetric_Image_Encryption/Chaos_Based_Symmetric_Image_Encryption.gen/sources_1/ip/floating_point_add/floating_point_add/floating_point_add_in_context.xdc] for cell 'PRNG_u/sigma_u/add_block[7].add_inst'
Parsing XDC File [/home/vinhphat-josh/Repos/Chaos_Based_Symmetric_Image_Encryption/vivado/Chaos_Based_Symmetric_Image_Encryption/Chaos_Based_Symmetric_Image_Encryption.gen/sources_1/ip/floating_point_add/floating_point_add/floating_point_add_in_context.xdc] for cell 'PRNG_u/sigma_u/add_block[8].add_inst'
Finished Parsing XDC File [/home/vinhphat-josh/Repos/Chaos_Based_Symmetric_Image_Encryption/vivado/Chaos_Based_Symmetric_Image_Encryption/Chaos_Based_Symmetric_Image_Encryption.gen/sources_1/ip/floating_point_add/floating_point_add/floating_point_add_in_context.xdc] for cell 'PRNG_u/sigma_u/add_block[8].add_inst'
Parsing XDC File [/home/vinhphat-josh/Repos/Chaos_Based_Symmetric_Image_Encryption/vivado/Chaos_Based_Symmetric_Image_Encryption/Chaos_Based_Symmetric_Image_Encryption.gen/sources_1/ip/floating_point_add/floating_point_add/floating_point_add_in_context.xdc] for cell 'PRNG_u/affine_transform_u/add_block[0].add_inst'
Finished Parsing XDC File [/home/vinhphat-josh/Repos/Chaos_Based_Symmetric_Image_Encryption/vivado/Chaos_Based_Symmetric_Image_Encryption/Chaos_Based_Symmetric_Image_Encryption.gen/sources_1/ip/floating_point_add/floating_point_add/floating_point_add_in_context.xdc] for cell 'PRNG_u/affine_transform_u/add_block[0].add_inst'
Parsing XDC File [/home/vinhphat-josh/Repos/Chaos_Based_Symmetric_Image_Encryption/vivado/Chaos_Based_Symmetric_Image_Encryption/Chaos_Based_Symmetric_Image_Encryption.gen/sources_1/ip/floating_point_add/floating_point_add/floating_point_add_in_context.xdc] for cell 'PRNG_u/affine_transform_u/add_block[1].add_inst'
Finished Parsing XDC File [/home/vinhphat-josh/Repos/Chaos_Based_Symmetric_Image_Encryption/vivado/Chaos_Based_Symmetric_Image_Encryption/Chaos_Based_Symmetric_Image_Encryption.gen/sources_1/ip/floating_point_add/floating_point_add/floating_point_add_in_context.xdc] for cell 'PRNG_u/affine_transform_u/add_block[1].add_inst'
Parsing XDC File [/home/vinhphat-josh/Repos/Chaos_Based_Symmetric_Image_Encryption/vivado/Chaos_Based_Symmetric_Image_Encryption/Chaos_Based_Symmetric_Image_Encryption.gen/sources_1/ip/floating_point_add/floating_point_add/floating_point_add_in_context.xdc] for cell 'PRNG_u/affine_transform_u/add_block[2].add_inst'
Finished Parsing XDC File [/home/vinhphat-josh/Repos/Chaos_Based_Symmetric_Image_Encryption/vivado/Chaos_Based_Symmetric_Image_Encryption/Chaos_Based_Symmetric_Image_Encryption.gen/sources_1/ip/floating_point_add/floating_point_add/floating_point_add_in_context.xdc] for cell 'PRNG_u/affine_transform_u/add_block[2].add_inst'
Parsing XDC File [/home/vinhphat-josh/Repos/Chaos_Based_Symmetric_Image_Encryption/vivado/Chaos_Based_Symmetric_Image_Encryption/Chaos_Based_Symmetric_Image_Encryption.gen/sources_1/ip/floating_point_add/floating_point_add/floating_point_add_in_context.xdc] for cell 'PRNG_u/affine_transform_u/add_block[3].add_inst'
Finished Parsing XDC File [/home/vinhphat-josh/Repos/Chaos_Based_Symmetric_Image_Encryption/vivado/Chaos_Based_Symmetric_Image_Encryption/Chaos_Based_Symmetric_Image_Encryption.gen/sources_1/ip/floating_point_add/floating_point_add/floating_point_add_in_context.xdc] for cell 'PRNG_u/affine_transform_u/add_block[3].add_inst'
Parsing XDC File [/home/vinhphat-josh/Repos/Chaos_Based_Symmetric_Image_Encryption/vivado/Chaos_Based_Symmetric_Image_Encryption/Chaos_Based_Symmetric_Image_Encryption.gen/sources_1/ip/floating_point_add/floating_point_add/floating_point_add_in_context.xdc] for cell 'PRNG_u/affine_transform_u/add_block[4].add_inst'
Finished Parsing XDC File [/home/vinhphat-josh/Repos/Chaos_Based_Symmetric_Image_Encryption/vivado/Chaos_Based_Symmetric_Image_Encryption/Chaos_Based_Symmetric_Image_Encryption.gen/sources_1/ip/floating_point_add/floating_point_add/floating_point_add_in_context.xdc] for cell 'PRNG_u/affine_transform_u/add_block[4].add_inst'
Parsing XDC File [/home/vinhphat-josh/Repos/Chaos_Based_Symmetric_Image_Encryption/vivado/Chaos_Based_Symmetric_Image_Encryption/Chaos_Based_Symmetric_Image_Encryption.gen/sources_1/ip/floating_point_add/floating_point_add/floating_point_add_in_context.xdc] for cell 'PRNG_u/affine_transform_u/add_block[5].add_inst'
Finished Parsing XDC File [/home/vinhphat-josh/Repos/Chaos_Based_Symmetric_Image_Encryption/vivado/Chaos_Based_Symmetric_Image_Encryption/Chaos_Based_Symmetric_Image_Encryption.gen/sources_1/ip/floating_point_add/floating_point_add/floating_point_add_in_context.xdc] for cell 'PRNG_u/affine_transform_u/add_block[5].add_inst'
Parsing XDC File [/home/vinhphat-josh/Repos/Chaos_Based_Symmetric_Image_Encryption/vivado/Chaos_Based_Symmetric_Image_Encryption/Chaos_Based_Symmetric_Image_Encryption.gen/sources_1/ip/floating_point_add/floating_point_add/floating_point_add_in_context.xdc] for cell 'PRNG_u/affine_transform_u/add_block[6].add_inst'
Finished Parsing XDC File [/home/vinhphat-josh/Repos/Chaos_Based_Symmetric_Image_Encryption/vivado/Chaos_Based_Symmetric_Image_Encryption/Chaos_Based_Symmetric_Image_Encryption.gen/sources_1/ip/floating_point_add/floating_point_add/floating_point_add_in_context.xdc] for cell 'PRNG_u/affine_transform_u/add_block[6].add_inst'
Parsing XDC File [/home/vinhphat-josh/Repos/Chaos_Based_Symmetric_Image_Encryption/vivado/Chaos_Based_Symmetric_Image_Encryption/Chaos_Based_Symmetric_Image_Encryption.gen/sources_1/ip/floating_point_add/floating_point_add/floating_point_add_in_context.xdc] for cell 'PRNG_u/affine_transform_u/add_block[7].add_inst'
Finished Parsing XDC File [/home/vinhphat-josh/Repos/Chaos_Based_Symmetric_Image_Encryption/vivado/Chaos_Based_Symmetric_Image_Encryption/Chaos_Based_Symmetric_Image_Encryption.gen/sources_1/ip/floating_point_add/floating_point_add/floating_point_add_in_context.xdc] for cell 'PRNG_u/affine_transform_u/add_block[7].add_inst'
Parsing XDC File [/home/vinhphat-josh/Repos/Chaos_Based_Symmetric_Image_Encryption/vivado/Chaos_Based_Symmetric_Image_Encryption/Chaos_Based_Symmetric_Image_Encryption.gen/sources_1/ip/floating_point_add/floating_point_add/floating_point_add_in_context.xdc] for cell 'PRNG_u/affine_transform_u/add_block[8].add_inst'
Finished Parsing XDC File [/home/vinhphat-josh/Repos/Chaos_Based_Symmetric_Image_Encryption/vivado/Chaos_Based_Symmetric_Image_Encryption/Chaos_Based_Symmetric_Image_Encryption.gen/sources_1/ip/floating_point_add/floating_point_add/floating_point_add_in_context.xdc] for cell 'PRNG_u/affine_transform_u/add_block[8].add_inst'
Parsing XDC File [/home/vinhphat-josh/Repos/Chaos_Based_Symmetric_Image_Encryption/vivado/Chaos_Based_Symmetric_Image_Encryption/Chaos_Based_Symmetric_Image_Encryption.gen/sources_1/ip/floating_point_mul/floating_point_mul/floating_point_mul_in_context.xdc] for cell 'PRNG_u/sawtooth_block[0].sawtooth_inst/mul_1'
Finished Parsing XDC File [/home/vinhphat-josh/Repos/Chaos_Based_Symmetric_Image_Encryption/vivado/Chaos_Based_Symmetric_Image_Encryption/Chaos_Based_Symmetric_Image_Encryption.gen/sources_1/ip/floating_point_mul/floating_point_mul/floating_point_mul_in_context.xdc] for cell 'PRNG_u/sawtooth_block[0].sawtooth_inst/mul_1'
Parsing XDC File [/home/vinhphat-josh/Repos/Chaos_Based_Symmetric_Image_Encryption/vivado/Chaos_Based_Symmetric_Image_Encryption/Chaos_Based_Symmetric_Image_Encryption.gen/sources_1/ip/floating_point_mul/floating_point_mul/floating_point_mul_in_context.xdc] for cell 'PRNG_u/sawtooth_block[1].sawtooth_inst/mul_1'
Finished Parsing XDC File [/home/vinhphat-josh/Repos/Chaos_Based_Symmetric_Image_Encryption/vivado/Chaos_Based_Symmetric_Image_Encryption/Chaos_Based_Symmetric_Image_Encryption.gen/sources_1/ip/floating_point_mul/floating_point_mul/floating_point_mul_in_context.xdc] for cell 'PRNG_u/sawtooth_block[1].sawtooth_inst/mul_1'
Parsing XDC File [/home/vinhphat-josh/Repos/Chaos_Based_Symmetric_Image_Encryption/vivado/Chaos_Based_Symmetric_Image_Encryption/Chaos_Based_Symmetric_Image_Encryption.gen/sources_1/ip/floating_point_mul/floating_point_mul/floating_point_mul_in_context.xdc] for cell 'PRNG_u/sawtooth_block[2].sawtooth_inst/mul_1'
Finished Parsing XDC File [/home/vinhphat-josh/Repos/Chaos_Based_Symmetric_Image_Encryption/vivado/Chaos_Based_Symmetric_Image_Encryption/Chaos_Based_Symmetric_Image_Encryption.gen/sources_1/ip/floating_point_mul/floating_point_mul/floating_point_mul_in_context.xdc] for cell 'PRNG_u/sawtooth_block[2].sawtooth_inst/mul_1'
Parsing XDC File [/home/vinhphat-josh/Repos/Chaos_Based_Symmetric_Image_Encryption/vivado/Chaos_Based_Symmetric_Image_Encryption/Chaos_Based_Symmetric_Image_Encryption.gen/sources_1/ip/floating_point_mul/floating_point_mul/floating_point_mul_in_context.xdc] for cell 'PRNG_u/sigma_u/mul'
Finished Parsing XDC File [/home/vinhphat-josh/Repos/Chaos_Based_Symmetric_Image_Encryption/vivado/Chaos_Based_Symmetric_Image_Encryption/Chaos_Based_Symmetric_Image_Encryption.gen/sources_1/ip/floating_point_mul/floating_point_mul/floating_point_mul_in_context.xdc] for cell 'PRNG_u/sigma_u/mul'
Parsing XDC File [/home/vinhphat-josh/Repos/Chaos_Based_Symmetric_Image_Encryption/vivado/Chaos_Based_Symmetric_Image_Encryption/Chaos_Based_Symmetric_Image_Encryption.gen/sources_1/ip/floating_point_mul/floating_point_mul/floating_point_mul_in_context.xdc] for cell 'PRNG_u/affine_transform_u/mul_block[0].mul_inst'
Finished Parsing XDC File [/home/vinhphat-josh/Repos/Chaos_Based_Symmetric_Image_Encryption/vivado/Chaos_Based_Symmetric_Image_Encryption/Chaos_Based_Symmetric_Image_Encryption.gen/sources_1/ip/floating_point_mul/floating_point_mul/floating_point_mul_in_context.xdc] for cell 'PRNG_u/affine_transform_u/mul_block[0].mul_inst'
Parsing XDC File [/home/vinhphat-josh/Repos/Chaos_Based_Symmetric_Image_Encryption/vivado/Chaos_Based_Symmetric_Image_Encryption/Chaos_Based_Symmetric_Image_Encryption.gen/sources_1/ip/floating_point_mul/floating_point_mul/floating_point_mul_in_context.xdc] for cell 'PRNG_u/affine_transform_u/mul_block[1].mul_inst'
Finished Parsing XDC File [/home/vinhphat-josh/Repos/Chaos_Based_Symmetric_Image_Encryption/vivado/Chaos_Based_Symmetric_Image_Encryption/Chaos_Based_Symmetric_Image_Encryption.gen/sources_1/ip/floating_point_mul/floating_point_mul/floating_point_mul_in_context.xdc] for cell 'PRNG_u/affine_transform_u/mul_block[1].mul_inst'
Parsing XDC File [/home/vinhphat-josh/Repos/Chaos_Based_Symmetric_Image_Encryption/vivado/Chaos_Based_Symmetric_Image_Encryption/Chaos_Based_Symmetric_Image_Encryption.gen/sources_1/ip/floating_point_mul/floating_point_mul/floating_point_mul_in_context.xdc] for cell 'PRNG_u/affine_transform_u/mul_block[2].mul_inst'
Finished Parsing XDC File [/home/vinhphat-josh/Repos/Chaos_Based_Symmetric_Image_Encryption/vivado/Chaos_Based_Symmetric_Image_Encryption/Chaos_Based_Symmetric_Image_Encryption.gen/sources_1/ip/floating_point_mul/floating_point_mul/floating_point_mul_in_context.xdc] for cell 'PRNG_u/affine_transform_u/mul_block[2].mul_inst'
Parsing XDC File [/home/vinhphat-josh/Repos/Chaos_Based_Symmetric_Image_Encryption/vivado/Chaos_Based_Symmetric_Image_Encryption/Chaos_Based_Symmetric_Image_Encryption.gen/sources_1/ip/floating_point_mul/floating_point_mul/floating_point_mul_in_context.xdc] for cell 'PRNG_u/affine_transform_u/mul_block[3].mul_inst'
Finished Parsing XDC File [/home/vinhphat-josh/Repos/Chaos_Based_Symmetric_Image_Encryption/vivado/Chaos_Based_Symmetric_Image_Encryption/Chaos_Based_Symmetric_Image_Encryption.gen/sources_1/ip/floating_point_mul/floating_point_mul/floating_point_mul_in_context.xdc] for cell 'PRNG_u/affine_transform_u/mul_block[3].mul_inst'
Parsing XDC File [/home/vinhphat-josh/Repos/Chaos_Based_Symmetric_Image_Encryption/vivado/Chaos_Based_Symmetric_Image_Encryption/Chaos_Based_Symmetric_Image_Encryption.gen/sources_1/ip/floating_point_mul/floating_point_mul/floating_point_mul_in_context.xdc] for cell 'PRNG_u/affine_transform_u/mul_block[4].mul_inst'
Finished Parsing XDC File [/home/vinhphat-josh/Repos/Chaos_Based_Symmetric_Image_Encryption/vivado/Chaos_Based_Symmetric_Image_Encryption/Chaos_Based_Symmetric_Image_Encryption.gen/sources_1/ip/floating_point_mul/floating_point_mul/floating_point_mul_in_context.xdc] for cell 'PRNG_u/affine_transform_u/mul_block[4].mul_inst'
Parsing XDC File [/home/vinhphat-josh/Repos/Chaos_Based_Symmetric_Image_Encryption/vivado/Chaos_Based_Symmetric_Image_Encryption/Chaos_Based_Symmetric_Image_Encryption.gen/sources_1/ip/floating_point_mul/floating_point_mul/floating_point_mul_in_context.xdc] for cell 'PRNG_u/affine_transform_u/mul_block[5].mul_inst'
Finished Parsing XDC File [/home/vinhphat-josh/Repos/Chaos_Based_Symmetric_Image_Encryption/vivado/Chaos_Based_Symmetric_Image_Encryption/Chaos_Based_Symmetric_Image_Encryption.gen/sources_1/ip/floating_point_mul/floating_point_mul/floating_point_mul_in_context.xdc] for cell 'PRNG_u/affine_transform_u/mul_block[5].mul_inst'
Parsing XDC File [/home/vinhphat-josh/Repos/Chaos_Based_Symmetric_Image_Encryption/vivado/Chaos_Based_Symmetric_Image_Encryption/Chaos_Based_Symmetric_Image_Encryption.gen/sources_1/ip/floating_point_mul/floating_point_mul/floating_point_mul_in_context.xdc] for cell 'PRNG_u/affine_transform_u/mul_block[6].mul_inst'
Finished Parsing XDC File [/home/vinhphat-josh/Repos/Chaos_Based_Symmetric_Image_Encryption/vivado/Chaos_Based_Symmetric_Image_Encryption/Chaos_Based_Symmetric_Image_Encryption.gen/sources_1/ip/floating_point_mul/floating_point_mul/floating_point_mul_in_context.xdc] for cell 'PRNG_u/affine_transform_u/mul_block[6].mul_inst'
Parsing XDC File [/home/vinhphat-josh/Repos/Chaos_Based_Symmetric_Image_Encryption/vivado/Chaos_Based_Symmetric_Image_Encryption/Chaos_Based_Symmetric_Image_Encryption.gen/sources_1/ip/floating_point_mul/floating_point_mul/floating_point_mul_in_context.xdc] for cell 'PRNG_u/affine_transform_u/mul_block[7].mul_inst'
Finished Parsing XDC File [/home/vinhphat-josh/Repos/Chaos_Based_Symmetric_Image_Encryption/vivado/Chaos_Based_Symmetric_Image_Encryption/Chaos_Based_Symmetric_Image_Encryption.gen/sources_1/ip/floating_point_mul/floating_point_mul/floating_point_mul_in_context.xdc] for cell 'PRNG_u/affine_transform_u/mul_block[7].mul_inst'
Parsing XDC File [/home/vinhphat-josh/Repos/Chaos_Based_Symmetric_Image_Encryption/vivado/Chaos_Based_Symmetric_Image_Encryption/Chaos_Based_Symmetric_Image_Encryption.gen/sources_1/ip/floating_point_mul/floating_point_mul/floating_point_mul_in_context.xdc] for cell 'PRNG_u/affine_transform_u/mul_block[8].mul_inst'
Finished Parsing XDC File [/home/vinhphat-josh/Repos/Chaos_Based_Symmetric_Image_Encryption/vivado/Chaos_Based_Symmetric_Image_Encryption/Chaos_Based_Symmetric_Image_Encryption.gen/sources_1/ip/floating_point_mul/floating_point_mul/floating_point_mul_in_context.xdc] for cell 'PRNG_u/affine_transform_u/mul_block[8].mul_inst'
Parsing XDC File [/home/vinhphat-josh/Repos/Chaos_Based_Symmetric_Image_Encryption/vivado/Chaos_Based_Symmetric_Image_Encryption/Chaos_Based_Symmetric_Image_Encryption.gen/sources_1/ip/floating_point_mul/floating_point_mul/floating_point_mul_in_context.xdc] for cell 'PRNG_u/mul_block[0].mul_inst'
Finished Parsing XDC File [/home/vinhphat-josh/Repos/Chaos_Based_Symmetric_Image_Encryption/vivado/Chaos_Based_Symmetric_Image_Encryption/Chaos_Based_Symmetric_Image_Encryption.gen/sources_1/ip/floating_point_mul/floating_point_mul/floating_point_mul_in_context.xdc] for cell 'PRNG_u/mul_block[0].mul_inst'
Parsing XDC File [/home/vinhphat-josh/Repos/Chaos_Based_Symmetric_Image_Encryption/vivado/Chaos_Based_Symmetric_Image_Encryption/Chaos_Based_Symmetric_Image_Encryption.gen/sources_1/ip/floating_point_mul/floating_point_mul/floating_point_mul_in_context.xdc] for cell 'PRNG_u/mul_block[1].mul_inst'
Finished Parsing XDC File [/home/vinhphat-josh/Repos/Chaos_Based_Symmetric_Image_Encryption/vivado/Chaos_Based_Symmetric_Image_Encryption/Chaos_Based_Symmetric_Image_Encryption.gen/sources_1/ip/floating_point_mul/floating_point_mul/floating_point_mul_in_context.xdc] for cell 'PRNG_u/mul_block[1].mul_inst'
Parsing XDC File [/home/vinhphat-josh/Repos/Chaos_Based_Symmetric_Image_Encryption/vivado/Chaos_Based_Symmetric_Image_Encryption/Chaos_Based_Symmetric_Image_Encryption.gen/sources_1/ip/floating_point_mul/floating_point_mul/floating_point_mul_in_context.xdc] for cell 'PRNG_u/mul_block[2].mul_inst'
Finished Parsing XDC File [/home/vinhphat-josh/Repos/Chaos_Based_Symmetric_Image_Encryption/vivado/Chaos_Based_Symmetric_Image_Encryption/Chaos_Based_Symmetric_Image_Encryption.gen/sources_1/ip/floating_point_mul/floating_point_mul/floating_point_mul_in_context.xdc] for cell 'PRNG_u/mul_block[2].mul_inst'
Parsing XDC File [/home/vinhphat-josh/Repos/Chaos_Based_Symmetric_Image_Encryption/vivado/Chaos_Based_Symmetric_Image_Encryption/Chaos_Based_Symmetric_Image_Encryption.gen/sources_1/ip/floating_point_div/floating_point_div/floating_point_div_in_context.xdc] for cell 'PRNG_u/sawtooth_block[0].sawtooth_inst/div'
Finished Parsing XDC File [/home/vinhphat-josh/Repos/Chaos_Based_Symmetric_Image_Encryption/vivado/Chaos_Based_Symmetric_Image_Encryption/Chaos_Based_Symmetric_Image_Encryption.gen/sources_1/ip/floating_point_div/floating_point_div/floating_point_div_in_context.xdc] for cell 'PRNG_u/sawtooth_block[0].sawtooth_inst/div'
Parsing XDC File [/home/vinhphat-josh/Repos/Chaos_Based_Symmetric_Image_Encryption/vivado/Chaos_Based_Symmetric_Image_Encryption/Chaos_Based_Symmetric_Image_Encryption.gen/sources_1/ip/floating_point_div/floating_point_div/floating_point_div_in_context.xdc] for cell 'PRNG_u/sawtooth_block[1].sawtooth_inst/div'
Finished Parsing XDC File [/home/vinhphat-josh/Repos/Chaos_Based_Symmetric_Image_Encryption/vivado/Chaos_Based_Symmetric_Image_Encryption/Chaos_Based_Symmetric_Image_Encryption.gen/sources_1/ip/floating_point_div/floating_point_div/floating_point_div_in_context.xdc] for cell 'PRNG_u/sawtooth_block[1].sawtooth_inst/div'
Parsing XDC File [/home/vinhphat-josh/Repos/Chaos_Based_Symmetric_Image_Encryption/vivado/Chaos_Based_Symmetric_Image_Encryption/Chaos_Based_Symmetric_Image_Encryption.gen/sources_1/ip/floating_point_div/floating_point_div/floating_point_div_in_context.xdc] for cell 'PRNG_u/sawtooth_block[2].sawtooth_inst/div'
Finished Parsing XDC File [/home/vinhphat-josh/Repos/Chaos_Based_Symmetric_Image_Encryption/vivado/Chaos_Based_Symmetric_Image_Encryption/Chaos_Based_Symmetric_Image_Encryption.gen/sources_1/ip/floating_point_div/floating_point_div/floating_point_div_in_context.xdc] for cell 'PRNG_u/sawtooth_block[2].sawtooth_inst/div'
Parsing XDC File [/home/vinhphat-josh/Repos/Chaos_Based_Symmetric_Image_Encryption/vivado/Arty-Z7-20-Master.xdc]
Finished Parsing XDC File [/home/vinhphat-josh/Repos/Chaos_Based_Symmetric_Image_Encryption/vivado/Arty-Z7-20-Master.xdc]
Parsing XDC File [/home/vinhphat-josh/Repos/Chaos_Based_Symmetric_Image_Encryption/vivado/Chaos_Based_Symmetric_Image_Encryption/Chaos_Based_Symmetric_Image_Encryption.runs/synth_1/dont_touch.xdc]
Finished Parsing XDC File [/home/vinhphat-josh/Repos/Chaos_Based_Symmetric_Image_Encryption/vivado/Chaos_Based_Symmetric_Image_Encryption/Chaos_Based_Symmetric_Image_Encryption.runs/synth_1/dont_touch.xdc]
Completed Processing XDC Constraints

Netlist sorting complete. Time (s): cpu = 00:00:00.01 ; elapsed = 00:00:00.01 . Memory (MB): peak = 3057.797 ; gain = 0.000 ; free physical = 195 ; free virtual = 3847
INFO: [Project 1-111] Unisim Transformation Summary:
No Unisim elements were transformed.

Constraint Validation Runtime : Time (s): cpu = 00:00:02 ; elapsed = 00:00:00.75 . Memory (MB): peak = 3077.797 ; gain = 19.965 ; free physical = 193 ; free virtual = 3790
WARNING: [Timing 38-316] Clock period '100.000' specified during out-of-context synthesis of instance 'PRNG_u/mul_block[0].mul_inst' at clock pin 'aclk' is different from the actual clock period '3.500', this can lead to different synthesis results.
WARNING: [Timing 38-316] Clock period '100.000' specified during out-of-context synthesis of instance 'PRNG_u/mul_block[1].mul_inst' at clock pin 'aclk' is different from the actual clock period '3.500', this can lead to different synthesis results.
WARNING: [Timing 38-316] Clock period '100.000' specified during out-of-context synthesis of instance 'PRNG_u/mul_block[2].mul_inst' at clock pin 'aclk' is different from the actual clock period '3.500', this can lead to different synthesis results.
WARNING: [Timing 38-316] Clock period '100.000' specified during out-of-context synthesis of instance 'PRNG_u/affine_transform_u/add_block[0].add_inst' at clock pin 'aclk' is different from the actual clock period '3.500', this can lead to different synthesis results.
WARNING: [Timing 38-316] Clock period '100.000' specified during out-of-context synthesis of instance 'PRNG_u/affine_transform_u/add_block[1].add_inst' at clock pin 'aclk' is different from the actual clock period '3.500', this can lead to different synthesis results.
WARNING: [Timing 38-316] Clock period '100.000' specified during out-of-context synthesis of instance 'PRNG_u/affine_transform_u/add_block[2].add_inst' at clock pin 'aclk' is different from the actual clock period '3.500', this can lead to different synthesis results.
WARNING: [Timing 38-316] Clock period '100.000' specified during out-of-context synthesis of instance 'PRNG_u/affine_transform_u/add_block[3].add_inst' at clock pin 'aclk' is different from the actual clock period '3.500', this can lead to different synthesis results.
WARNING: [Timing 38-316] Clock period '100.000' specified during out-of-context synthesis of instance 'PRNG_u/affine_transform_u/add_block[4].add_inst' at clock pin 'aclk' is different from the actual clock period '3.500', this can lead to different synthesis results.
WARNING: [Timing 38-316] Clock period '100.000' specified during out-of-context synthesis of instance 'PRNG_u/affine_transform_u/add_block[5].add_inst' at clock pin 'aclk' is different from the actual clock period '3.500', this can lead to different synthesis results.
WARNING: [Timing 38-316] Clock period '100.000' specified during out-of-context synthesis of instance 'PRNG_u/affine_transform_u/add_block[6].add_inst' at clock pin 'aclk' is different from the actual clock period '3.500', this can lead to different synthesis results.
WARNING: [Timing 38-316] Clock period '100.000' specified during out-of-context synthesis of instance 'PRNG_u/affine_transform_u/add_block[7].add_inst' at clock pin 'aclk' is different from the actual clock period '3.500', this can lead to different synthesis results.
WARNING: [Timing 38-316] Clock period '100.000' specified during out-of-context synthesis of instance 'PRNG_u/affine_transform_u/add_block[8].add_inst' at clock pin 'aclk' is different from the actual clock period '3.500', this can lead to different synthesis results.
WARNING: [Timing 38-316] Clock period '100.000' specified during out-of-context synthesis of instance 'PRNG_u/affine_transform_u/mul_block[0].mul_inst' at clock pin 'aclk' is different from the actual clock period '3.500', this can lead to different synthesis results.
WARNING: [Timing 38-316] Clock period '100.000' specified during out-of-context synthesis of instance 'PRNG_u/affine_transform_u/mul_block[1].mul_inst' at clock pin 'aclk' is different from the actual clock period '3.500', this can lead to different synthesis results.
WARNING: [Timing 38-316] Clock period '100.000' specified during out-of-context synthesis of instance 'PRNG_u/affine_transform_u/mul_block[2].mul_inst' at clock pin 'aclk' is different from the actual clock period '3.500', this can lead to different synthesis results.
WARNING: [Timing 38-316] Clock period '100.000' specified during out-of-context synthesis of instance 'PRNG_u/affine_transform_u/mul_block[3].mul_inst' at clock pin 'aclk' is different from the actual clock period '3.500', this can lead to different synthesis results.
WARNING: [Timing 38-316] Clock period '100.000' specified during out-of-context synthesis of instance 'PRNG_u/affine_transform_u/mul_block[4].mul_inst' at clock pin 'aclk' is different from the actual clock period '3.500', this can lead to different synthesis results.
WARNING: [Timing 38-316] Clock period '100.000' specified during out-of-context synthesis of instance 'PRNG_u/affine_transform_u/mul_block[5].mul_inst' at clock pin 'aclk' is different from the actual clock period '3.500', this can lead to different synthesis results.
WARNING: [Timing 38-316] Clock period '100.000' specified during out-of-context synthesis of instance 'PRNG_u/affine_transform_u/mul_block[6].mul_inst' at clock pin 'aclk' is different from the actual clock period '3.500', this can lead to different synthesis results.
WARNING: [Timing 38-316] Clock period '100.000' specified during out-of-context synthesis of instance 'PRNG_u/affine_transform_u/mul_block[7].mul_inst' at clock pin 'aclk' is different from the actual clock period '3.500', this can lead to different synthesis results.
WARNING: [Timing 38-316] Clock period '100.000' specified during out-of-context synthesis of instance 'PRNG_u/affine_transform_u/mul_block[8].mul_inst' at clock pin 'aclk' is different from the actual clock period '3.500', this can lead to different synthesis results.
WARNING: [Timing 38-316] Clock period '100.000' specified during out-of-context synthesis of instance 'PRNG_u/sawtooth_block[0].sawtooth_inst/add_1' at clock pin 'aclk' is different from the actual clock period '3.500', this can lead to different synthesis results.
WARNING: [Timing 38-316] Clock period '100.000' specified during out-of-context synthesis of instance 'PRNG_u/sawtooth_block[0].sawtooth_inst/add_2' at clock pin 'aclk' is different from the actual clock period '3.500', this can lead to different synthesis results.
WARNING: [Timing 38-316] Clock period '100.000' specified during out-of-context synthesis of instance 'PRNG_u/sawtooth_block[0].sawtooth_inst/div' at clock pin 'aclk' is different from the actual clock period '3.500', this can lead to different synthesis results.
WARNING: [Timing 38-316] Clock period '100.000' specified during out-of-context synthesis of instance 'PRNG_u/sawtooth_block[0].sawtooth_inst/mul_1' at clock pin 'aclk' is different from the actual clock period '3.500', this can lead to different synthesis results.
WARNING: [Timing 38-316] Clock period '100.000' specified during out-of-context synthesis of instance 'PRNG_u/sawtooth_block[1].sawtooth_inst/add_1' at clock pin 'aclk' is different from the actual clock period '3.500', this can lead to different synthesis results.
WARNING: [Timing 38-316] Clock period '100.000' specified during out-of-context synthesis of instance 'PRNG_u/sawtooth_block[1].sawtooth_inst/add_2' at clock pin 'aclk' is different from the actual clock period '3.500', this can lead to different synthesis results.
WARNING: [Timing 38-316] Clock period '100.000' specified during out-of-context synthesis of instance 'PRNG_u/sawtooth_block[1].sawtooth_inst/div' at clock pin 'aclk' is different from the actual clock period '3.500', this can lead to different synthesis results.
WARNING: [Timing 38-316] Clock period '100.000' specified during out-of-context synthesis of instance 'PRNG_u/sawtooth_block[1].sawtooth_inst/mul_1' at clock pin 'aclk' is different from the actual clock period '3.500', this can lead to different synthesis results.
WARNING: [Timing 38-316] Clock period '100.000' specified during out-of-context synthesis of instance 'PRNG_u/sawtooth_block[2].sawtooth_inst/add_1' at clock pin 'aclk' is different from the actual clock period '3.500', this can lead to different synthesis results.
WARNING: [Timing 38-316] Clock period '100.000' specified during out-of-context synthesis of instance 'PRNG_u/sawtooth_block[2].sawtooth_inst/add_2' at clock pin 'aclk' is different from the actual clock period '3.500', this can lead to different synthesis results.
WARNING: [Timing 38-316] Clock period '100.000' specified during out-of-context synthesis of instance 'PRNG_u/sawtooth_block[2].sawtooth_inst/div' at clock pin 'aclk' is different from the actual clock period '3.500', this can lead to different synthesis results.
WARNING: [Timing 38-316] Clock period '100.000' specified during out-of-context synthesis of instance 'PRNG_u/sawtooth_block[2].sawtooth_inst/mul_1' at clock pin 'aclk' is different from the actual clock period '3.500', this can lead to different synthesis results.
WARNING: [Timing 38-316] Clock period '100.000' specified during out-of-context synthesis of instance 'PRNG_u/sigma_u/add_block[0].add_inst' at clock pin 'aclk' is different from the actual clock period '3.500', this can lead to different synthesis results.
WARNING: [Timing 38-316] Clock period '100.000' specified during out-of-context synthesis of instance 'PRNG_u/sigma_u/add_block[1].add_inst' at clock pin 'aclk' is different from the actual clock period '3.500', this can lead to different synthesis results.
WARNING: [Timing 38-316] Clock period '100.000' specified during out-of-context synthesis of instance 'PRNG_u/sigma_u/add_block[2].add_inst' at clock pin 'aclk' is different from the actual clock period '3.500', this can lead to different synthesis results.
WARNING: [Timing 38-316] Clock period '100.000' specified during out-of-context synthesis of instance 'PRNG_u/sigma_u/add_block[3].add_inst' at clock pin 'aclk' is different from the actual clock period '3.500', this can lead to different synthesis results.
WARNING: [Timing 38-316] Clock period '100.000' specified during out-of-context synthesis of instance 'PRNG_u/sigma_u/add_block[4].add_inst' at clock pin 'aclk' is different from the actual clock period '3.500', this can lead to different synthesis results.
WARNING: [Timing 38-316] Clock period '100.000' specified during out-of-context synthesis of instance 'PRNG_u/sigma_u/add_block[5].add_inst' at clock pin 'aclk' is different from the actual clock period '3.500', this can lead to different synthesis results.
WARNING: [Timing 38-316] Clock period '100.000' specified during out-of-context synthesis of instance 'PRNG_u/sigma_u/add_block[6].add_inst' at clock pin 'aclk' is different from the actual clock period '3.500', this can lead to different synthesis results.
WARNING: [Timing 38-316] Clock period '100.000' specified during out-of-context synthesis of instance 'PRNG_u/sigma_u/add_block[7].add_inst' at clock pin 'aclk' is different from the actual clock period '3.500', this can lead to different synthesis results.
WARNING: [Timing 38-316] Clock period '100.000' specified during out-of-context synthesis of instance 'PRNG_u/sigma_u/add_block[8].add_inst' at clock pin 'aclk' is different from the actual clock period '3.500', this can lead to different synthesis results.
WARNING: [Timing 38-316] Clock period '100.000' specified during out-of-context synthesis of instance 'PRNG_u/sigma_u/mul' at clock pin 'aclk' is different from the actual clock period '3.500', this can lead to different synthesis results.
WARNING: [Timing 38-316] Clock period '100.000' specified during out-of-context synthesis of instance 'PRNG_u/sigma_u/sqrt' at clock pin 'aclk' is different from the actual clock period '3.500', this can lead to different synthesis results.
---------------------------------------------------------------------------------
Finished Constraint Validation : Time (s): cpu = 00:00:22 ; elapsed = 00:00:18 . Memory (MB): peak = 3080.766 ; gain = 843.277 ; free physical = 166 ; free virtual = 3767
---------------------------------------------------------------------------------
---------------------------------------------------------------------------------
Start Loading Part and Timing Information
---------------------------------------------------------------------------------
Loading part: xck26-sfvc784-2LV-c
INFO: [Synth 8-6742] Reading net delay rules and data
---------------------------------------------------------------------------------
Finished Loading Part and Timing Information : Time (s): cpu = 00:00:22 ; elapsed = 00:00:18 . Memory (MB): peak = 3080.766 ; gain = 843.277 ; free physical = 166 ; free virtual = 3767
---------------------------------------------------------------------------------
---------------------------------------------------------------------------------
Start Applying 'set_property' XDC Constraints
---------------------------------------------------------------------------------
Applied set_property KEEP_HIERARCHY = SOFT for PRNG_u/sigma_u/sqrt. (constraint file  auto generated constraint).
Applied set_property KEEP_HIERARCHY = SOFT for PRNG_u/\sawtooth_block[0].sawtooth_inst /add_1. (constraint file  auto generated constraint).
Applied set_property KEEP_HIERARCHY = SOFT for PRNG_u/\sawtooth_block[1].sawtooth_inst /add_1. (constraint file  auto generated constraint).
Applied set_property KEEP_HIERARCHY = SOFT for PRNG_u/\sawtooth_block[2].sawtooth_inst /add_1. (constraint file  auto generated constraint).
Applied set_property KEEP_HIERARCHY = SOFT for PRNG_u/\sawtooth_block[0].sawtooth_inst /add_2. (constraint file  auto generated constraint).
Applied set_property KEEP_HIERARCHY = SOFT for PRNG_u/\sawtooth_block[1].sawtooth_inst /add_2. (constraint file  auto generated constraint).
Applied set_property KEEP_HIERARCHY = SOFT for PRNG_u/\sawtooth_block[2].sawtooth_inst /add_2. (constraint file  auto generated constraint).
Applied set_property KEEP_HIERARCHY = SOFT for PRNG_u/sigma_u/\add_block[0].add_inst . (constraint file  auto generated constraint).
Applied set_property KEEP_HIERARCHY = SOFT for PRNG_u/affine_transform_u/\add_block[0].add_inst . (constraint file  auto generated constraint).
Applied set_property KEEP_HIERARCHY = SOFT for PRNG_u/sigma_u/\add_block[1].add_inst . (constraint file  auto generated constraint).
Applied set_property KEEP_HIERARCHY = SOFT for PRNG_u/affine_transform_u/\add_block[1].add_inst . (constraint file  auto generated constraint).
Applied set_property KEEP_HIERARCHY = SOFT for PRNG_u/sigma_u/\add_block[2].add_inst . (constraint file  auto generated constraint).
Applied set_property KEEP_HIERARCHY = SOFT for PRNG_u/affine_transform_u/\add_block[2].add_inst . (constraint file  auto generated constraint).
Applied set_property KEEP_HIERARCHY = SOFT for PRNG_u/sigma_u/\add_block[3].add_inst . (constraint file  auto generated constraint).
Applied set_property KEEP_HIERARCHY = SOFT for PRNG_u/affine_transform_u/\add_block[3].add_inst . (constraint file  auto generated constraint).
Applied set_property KEEP_HIERARCHY = SOFT for PRNG_u/sigma_u/\add_block[4].add_inst . (constraint file  auto generated constraint).
Applied set_property KEEP_HIERARCHY = SOFT for PRNG_u/affine_transform_u/\add_block[4].add_inst . (constraint file  auto generated constraint).
Applied set_property KEEP_HIERARCHY = SOFT for PRNG_u/sigma_u/\add_block[5].add_inst . (constraint file  auto generated constraint).
Applied set_property KEEP_HIERARCHY = SOFT for PRNG_u/affine_transform_u/\add_block[5].add_inst . (constraint file  auto generated constraint).
Applied set_property KEEP_HIERARCHY = SOFT for PRNG_u/sigma_u/\add_block[6].add_inst . (constraint file  auto generated constraint).
Applied set_property KEEP_HIERARCHY = SOFT for PRNG_u/affine_transform_u/\add_block[6].add_inst . (constraint file  auto generated constraint).
Applied set_property KEEP_HIERARCHY = SOFT for PRNG_u/sigma_u/\add_block[7].add_inst . (constraint file  auto generated constraint).
Applied set_property KEEP_HIERARCHY = SOFT for PRNG_u/affine_transform_u/\add_block[7].add_inst . (constraint file  auto generated constraint).
Applied set_property KEEP_HIERARCHY = SOFT for PRNG_u/sigma_u/\add_block[8].add_inst . (constraint file  auto generated constraint).
Applied set_property KEEP_HIERARCHY = SOFT for PRNG_u/affine_transform_u/\add_block[8].add_inst . (constraint file  auto generated constraint).
Applied set_property KEEP_HIERARCHY = SOFT for PRNG_u/sigma_u/mul. (constraint file  auto generated constraint).
Applied set_property KEEP_HIERARCHY = SOFT for PRNG_u/\sawtooth_block[0].sawtooth_inst /mul_1. (constraint file  auto generated constraint).
Applied set_property KEEP_HIERARCHY = SOFT for PRNG_u/\sawtooth_block[1].sawtooth_inst /mul_1. (constraint file  auto generated constraint).
Applied set_property KEEP_HIERARCHY = SOFT for PRNG_u/\sawtooth_block[2].sawtooth_inst /mul_1. (constraint file  auto generated constraint).
Applied set_property KEEP_HIERARCHY = SOFT for PRNG_u/affine_transform_u/\mul_block[0].mul_inst . (constraint file  auto generated constraint).
Applied set_property KEEP_HIERARCHY = SOFT for PRNG_u/\mul_block[0].mul_inst . (constraint file  auto generated constraint).
Applied set_property KEEP_HIERARCHY = SOFT for PRNG_u/affine_transform_u/\mul_block[1].mul_inst . (constraint file  auto generated constraint).
Applied set_property KEEP_HIERARCHY = SOFT for PRNG_u/\mul_block[1].mul_inst . (constraint file  auto generated constraint).
Applied set_property KEEP_HIERARCHY = SOFT for PRNG_u/affine_transform_u/\mul_block[2].mul_inst . (constraint file  auto generated constraint).
Applied set_property KEEP_HIERARCHY = SOFT for PRNG_u/\mul_block[2].mul_inst . (constraint file  auto generated constraint).
Applied set_property KEEP_HIERARCHY = SOFT for PRNG_u/affine_transform_u/\mul_block[3].mul_inst . (constraint file  auto generated constraint).
Applied set_property KEEP_HIERARCHY = SOFT for PRNG_u/affine_transform_u/\mul_block[4].mul_inst . (constraint file  auto generated constraint).
Applied set_property KEEP_HIERARCHY = SOFT for PRNG_u/affine_transform_u/\mul_block[5].mul_inst . (constraint file  auto generated constraint).
Applied set_property KEEP_HIERARCHY = SOFT for PRNG_u/affine_transform_u/\mul_block[6].mul_inst . (constraint file  auto generated constraint).
Applied set_property KEEP_HIERARCHY = SOFT for PRNG_u/affine_transform_u/\mul_block[7].mul_inst . (constraint file  auto generated constraint).
Applied set_property KEEP_HIERARCHY = SOFT for PRNG_u/affine_transform_u/\mul_block[8].mul_inst . (constraint file  auto generated constraint).
Applied set_property KEEP_HIERARCHY = SOFT for PRNG_u/\sawtooth_block[0].sawtooth_inst /div. (constraint file  auto generated constraint).
Applied set_property KEEP_HIERARCHY = SOFT for PRNG_u/\sawtooth_block[1].sawtooth_inst /div. (constraint file  auto generated constraint).
Applied set_property KEEP_HIERARCHY = SOFT for PRNG_u/\sawtooth_block[2].sawtooth_inst /div. (constraint file  auto generated constraint).
---------------------------------------------------------------------------------
Finished applying 'set_property' XDC Constraints : Time (s): cpu = 00:00:22 ; elapsed = 00:00:18 . Memory (MB): peak = 3080.766 ; gain = 843.277 ; free physical = 165 ; free virtual = 3767
---------------------------------------------------------------------------------
---------------------------------------------------------------------------------
Start Preparing Guide Design
---------------------------------------------------------------------------------
---------------------------------------------------------------------------------
Finished Doing Graph Differ : Time (s): cpu = 00:00:22 ; elapsed = 00:00:19 . Memory (MB): peak = 3080.766 ; gain = 843.277 ; free physical = 190 ; free virtual = 3754
---------------------------------------------------------------------------------
---------------------------------------------------------------------------------
Finished Preparing Guide Design : Time (s): cpu = 00:00:22 ; elapsed = 00:00:19 . Memory (MB): peak = 3080.766 ; gain = 843.277 ; free physical = 190 ; free virtual = 3754
---------------------------------------------------------------------------------
WARNING: [Synth 8-327] inferring latch for variable 'K[4]' [/home/vinhphat-josh/Repos/Chaos_Based_Symmetric_Image_Encryption/feistel_encrypt/feistel_encrypt.v:54]
WARNING: [Synth 8-327] inferring latch for variable 'K[3]' [/home/vinhphat-josh/Repos/Chaos_Based_Symmetric_Image_Encryption/feistel_encrypt/feistel_encrypt.v:53]
WARNING: [Synth 8-327] inferring latch for variable 'K[2]' [/home/vinhphat-josh/Repos/Chaos_Based_Symmetric_Image_Encryption/feistel_encrypt/feistel_encrypt.v:52]
WARNING: [Synth 8-327] inferring latch for variable 'K[1]' [/home/vinhphat-josh/Repos/Chaos_Based_Symmetric_Image_Encryption/feistel_encrypt/feistel_encrypt.v:51]
WARNING: [Synth 8-327] inferring latch for variable 'K[0]' [/home/vinhphat-josh/Repos/Chaos_Based_Symmetric_Image_Encryption/feistel_encrypt/feistel_encrypt.v:50]
---------------------------------------------------------------------------------
Finished RTL Optimization Phase 2 : Time (s): cpu = 00:00:25 ; elapsed = 00:00:22 . Memory (MB): peak = 3080.766 ; gain = 843.277 ; free physical = 192 ; free virtual = 3776
---------------------------------------------------------------------------------


Incremental Synthesis Report Summary:

1. Incremental synthesis run: no

   Reason for not running incremental synthesis : synth_design options have changed between reference and incremental


INFO: [Synth 8-7130] Flow is switching to default flow due to incremental criteria not met. If you would like to alter this behaviour and have the flow terminate instead, please set the following parameter config_implementation {autoIncr.Synth.RejectBehavior Terminate}
---------------------------------------------------------------------------------
Start RTL Component Statistics 
---------------------------------------------------------------------------------
Detailed RTL Component Info : 
+---Adders : 
	   2 Input   32 Bit       Adders := 12    
	   2 Input   24 Bit       Adders := 3     
	   2 Input   23 Bit       Adders := 3     
	   2 Input    8 Bit       Adders := 18    
	   2 Input    3 Bit       Adders := 3     
+---XORs : 
	   2 Input    256 Bit         XORs := 2     
	   2 Input    128 Bit         XORs := 21    
	   3 Input      8 Bit         XORs := 1     
	   2 Input      8 Bit         XORs := 220   
	   4 Input      8 Bit         XORs := 120   
	   5 Input      8 Bit         XORs := 40    
+---Registers : 
	              256 Bit    Registers := 70    
	              128 Bit    Registers := 97    
	               56 Bit    Registers := 6     
	               32 Bit    Registers := 529   
	               24 Bit    Registers := 3     
	               23 Bit    Registers := 12    
	                8 Bit    Registers := 2834  
	                1 Bit    Registers := 392   
+---Multipliers : 
	              20x56  Multipliers := 3     
+---Muxes : 
	   6 Input  128 Bit        Muxes := 1     
	   2 Input  128 Bit        Muxes := 1     
	   2 Input   56 Bit        Muxes := 3     
	   2 Input   32 Bit        Muxes := 21    
	   3 Input   32 Bit        Muxes := 6     
	   2 Input   24 Bit        Muxes := 3     
	   2 Input   23 Bit        Muxes := 3     
	   2 Input    3 Bit        Muxes := 2     
	   3 Input    2 Bit        Muxes := 3     
	   2 Input    1 Bit        Muxes := 3101  
	   3 Input    1 Bit        Muxes := 2     
---------------------------------------------------------------------------------
Finished RTL Component Statistics 
---------------------------------------------------------------------------------
---------------------------------------------------------------------------------
Start Part Resource Summary
---------------------------------------------------------------------------------
Part Resources:
DSPs: 1248 (col length:96)
BRAMs: 288 (col length: RAMB18 96 RAMB36 48)
---------------------------------------------------------------------------------
Finished Part Resource Summary
---------------------------------------------------------------------------------

*** Running vivado
    with args -log top.vds -m64 -product Vivado -mode batch -messageDb vivado.pb -notrace -source top.tcl


****** Vivado v2023.2 (64-bit)
  **** SW Build 4029153 on Fri Oct 13 20:13:54 MDT 2023
  **** IP Build 4028589 on Sat Oct 14 00:45:43 MDT 2023
  **** SharedData Build 4025554 on Tue Oct 10 17:18:54 MDT 2023
    ** Copyright 1986-2022 Xilinx, Inc. All Rights Reserved.
    ** Copyright 2022-2023 Advanced Micro Devices, Inc. All Rights Reserved.

source top.tcl -notrace
create_project: Time (s): cpu = 00:00:07 ; elapsed = 00:00:07 . Memory (MB): peak = 1271.117 ; gain = 23.809 ; free physical = 177 ; free virtual = 1402
Command: read_checkpoint -auto_incremental -incremental /home/vinhphat-josh/Repos/Chaos_Based_Symmetric_Image_Encryption/vivado/Chaos_Based_Symmetric_Image_Encryption/Chaos_Based_Symmetric_Image_Encryption.srcs/utils_1/imports/synth_1/FP_div.dcp
INFO: [Vivado 12-5825] Read reference checkpoint from /home/vinhphat-josh/Repos/Chaos_Based_Symmetric_Image_Encryption/vivado/Chaos_Based_Symmetric_Image_Encryption/Chaos_Based_Symmetric_Image_Encryption.srcs/utils_1/imports/synth_1/FP_div.dcp for incremental synthesis
INFO: [Vivado 12-7989] Please ensure there are no constraint changes
Command: synth_design -top top -part xck26-sfvc784-2LV-c
Starting synth_design
Attempting to get a license for feature 'Synthesis' and/or device 'xck26'
INFO: [Common 17-349] Got license for feature 'Synthesis' and/or device 'xck26'
INFO: [Vivado_Tcl 4-1810] synth_design options have changed between reference and incremental; A full resynthesis will be run
INFO: [Device 21-403] Loading part xck26-sfvc784-2LV-c
