srcscan starts
INFO: analyzing module F (VERI-9002)
INFO: analyzing module F_tb (VERI-9002)
INFO: analyzing module PRNG (VERI-9002)
INFO: analyzing module PRNG_tb (VERI-9002)
INFO: analyzing module addroundkey (VERI-9002)
INFO: analyzing module affine_transform (VERI-9002)
INFO: analyzing module affine_transform_tb (VERI-9002)
INFO: analyzing module extractor (VERI-9002)
INFO: analyzing module extractor_tb (VERI-9002)
INFO: analyzing module feistel_encrypt (VERI-9002)
INFO: analyzing module feistel_encrypt_tb (VERI-9002)
INFO: analyzing module key_schedule_5r (VERI-9002)
INFO: analyzing module key_schedule_5r_tb (VERI-9002)
INFO: analyzing module mixcolumns (VERI-9002)
INFO: analyzing module mixcolumns_tb (VERI-9002)
INFO: analyzing module mixer (VERI-9002)
INFO: analyzing module sawtooth (VERI-9002)
INFO: analyzing module sawtooth_tb (VERI-9002)
INFO: analyzing module sbox (VERI-9002)
INFO: analyzing module sbox_generator (VERI-9002)
INFO: analyzing module tb_sbox_generator (VERI-9002)
INFO: analyzing module shiftrows (VERI-9002)
INFO: analyzing module sigma (VERI-9002)
INFO: analyzing module sigma_tb (VERI-9002)
INFO: analyzing module subbytes (VERI-9002)
INFO: analyzing module subbytes_tb (VERI-9002)
INFO: analyzing module top (VERI-9002)
INFO: analyzing module top_tb (VERI-9002)
Listing tops:
VeriTop library:xil_defaultlib mod:F_tb
VeriTop library:xil_defaultlib mod:PRNG_tb
VeriTop library:xil_defaultlib mod:affine_transform_tb
VeriTop library:xil_defaultlib mod:extractor_tb
VeriTop library:xil_defaultlib mod:feistel_encrypt_tb
VeriTop library:xil_defaultlib mod:key_schedule_5r_tb
VeriTop library:xil_defaultlib mod:mixcolumns_tb
VeriTop library:xil_defaultlib mod:sawtooth_tb
VeriTop library:xil_defaultlib mod:tb_sbox_generator
VeriTop library:xil_defaultlib mod:sigma_tb
VeriTop library:xil_defaultlib mod:subbytes_tb
VeriTop library:xil_defaultlib mod:top_tb
END of tops
/home/vinhphat-josh/Repos/Chaos_Based_Symmetric_Image_Encryption/F/F_tb.v(2): INFO: compiling module 'F_tb_default' (VERI-1018)
/home/vinhphat-josh/Repos/Chaos_Based_Symmetric_Image_Encryption/PRNG/PRNG_tb.v(3): INFO: compiling module 'PRNG_tb_default' (VERI-1018)
/home/vinhphat-josh/Repos/Chaos_Based_Symmetric_Image_Encryption/sigma/sigma.v(38): WARNING: Module <floating_point_mul> not found while processing module instance <mul> (VERI-1063)
/home/vinhphat-josh/Repos/Chaos_Based_Symmetric_Image_Encryption/sigma/sigma.v(44): WARNING: Module <floating_point_sqrt> not found while processing module instance <sqrt> (VERI-1063)
/home/vinhphat-josh/Repos/Chaos_Based_Symmetric_Image_Encryption/affine_transform/affine_transform_tb.v(1): INFO: compiling module 'affine_transform_tb_default' (VERI-1018)
/home/vinhphat-josh/Repos/Chaos_Based_Symmetric_Image_Encryption/extractor/extractor_tb.v(3): INFO: compiling module 'extractor_tb_default' (VERI-1018)
/home/vinhphat-josh/Repos/Chaos_Based_Symmetric_Image_Encryption/feistel_encrypt/feistel_encrypt_tb.v(3): INFO: compiling module 'feistel_encrypt_tb_default' (VERI-1018)
/home/vinhphat-josh/Repos/Chaos_Based_Symmetric_Image_Encryption/key_schedule_5r/key_schedule_5r_tb.v(3): INFO: compiling module 'key_schedule_5r_tb_default' (VERI-1018)
/home/vinhphat-josh/Repos/Chaos_Based_Symmetric_Image_Encryption/AES/mixcolumns_tb.v(3): INFO: compiling module 'mixcolumns_tb_default' (VERI-1018)
/home/vinhphat-josh/Repos/Chaos_Based_Symmetric_Image_Encryption/sawtooth/sawtooth_tb.v(3): INFO: compiling module 'sawtooth_tb_default' (VERI-1018)
/home/vinhphat-josh/Repos/Chaos_Based_Symmetric_Image_Encryption/sawtooth/sawtooth.v(24): WARNING: Module <floating_point_div> not found while processing module instance <div> (VERI-1063)
/home/vinhphat-josh/Repos/Chaos_Based_Symmetric_Image_Encryption/sawtooth/sawtooth.v(31): WARNING: Module <floating_point_add> not found while processing module instance <add_1> (VERI-1063)
/home/vinhphat-josh/Repos/Chaos_Based_Symmetric_Image_Encryption/sbox_generator/sbox_generator_tb.v(3): INFO: compiling module 'tb_sbox_generator_default' (VERI-1018)
/home/vinhphat-josh/Repos/Chaos_Based_Symmetric_Image_Encryption/sbox_generator/sbox_generator_tb.v(21): ERROR: module 'sbox_generator' does not have a parameter named BIT_WIDTH (VERI-1184)
/home/vinhphat-josh/Repos/Chaos_Based_Symmetric_Image_Encryption/sigma/sigma_tb.v(1): INFO: compiling module 'sigma_tb_default' (VERI-1018)
/home/vinhphat-josh/Repos/Chaos_Based_Symmetric_Image_Encryption/AES/subbytes_tb.v(3): INFO: compiling module 'subbytes_tb_default' (VERI-1018)
/home/vinhphat-josh/Repos/Chaos_Based_Symmetric_Image_Encryption/top/top_tb.v(3): INFO: compiling module 'top_tb_default' (VERI-1018)
srcscan exits with return value 0
