srcscan starts
INFO: analyzing module PRNG (VERI-9002)
INFO: analyzing module sigma (VERI-9002)
INFO: analyzing module sawtooth (VERI-9002)
INFO: analyzing module affine_transform (VERI-9002)
INFO: analyzing module extractor (VERI-9002)
INFO: analyzing module mixer (VERI-9002)
INFO: analyzing module sbox_generator (VERI-9002)
INFO: analyzing module sbox (VERI-9002)
INFO: analyzing module top (VERI-9002)
INFO: analyzing module key_schedule_5r (VERI-9002)
INFO: analyzing module subbytes (VERI-9002)
INFO: analyzing module shiftrows (VERI-9002)
INFO: analyzing module mixcolumns (VERI-9002)
INFO: analyzing module addroundkey (VERI-9002)
INFO: analyzing module F (VERI-9002)
INFO: analyzing module feistel_encrypt (VERI-9002)
INFO: analyzing module sawtooth_tb (VERI-9002)
INFO: analyzing module PRNG_tb (VERI-9002)
INFO: analyzing module sigma_tb (VERI-9002)
INFO: analyzing module affine_transform_tb (VERI-9002)
INFO: analyzing module extractor_tb (VERI-9002)
INFO: analyzing module tb_sbox_generator (VERI-9002)
INFO: analyzing module top_tb (VERI-9002)
INFO: analyzing module key_schedule_5r_tb (VERI-9002)
INFO: analyzing module subbytes_tb (VERI-9002)
INFO: analyzing module F_tb (VERI-9002)
INFO: analyzing module mixcolumns_tb (VERI-9002)
INFO: analyzing module feistel_encrypt_tb (VERI-9002)
srcscan exits with return value 0
