INFO: [VRFC 10-2263] Analyzing Verilog file "/home/vinhphat-josh/Repos/Chaos_Based_Symmetric_Image_Encryption/RTL/top/Crypto_Engine.v" into library xil_defaultlib
INFO: [VRFC 10-311] analyzing module crypto_engine_core
INFO: [VRFC 10-2263] Analyzing Verilog file "/home/vinhphat-josh/Repos/Chaos_Based_Symmetric_Image_Encryption/vivado/Chaos_Based_Symmetric_Image_Encryption/Chaos_Based_Symmetric_Image_Encryption.ip_user_files/bd/design_1/ip/design_1_zynq_ultra_ps_e_0_0/sim/design_1_zynq_ultra_ps_e_0_0_vip_wrapper.v" into library xil_defaultlib
INFO: [VRFC 10-311] analyzing module design_1_zynq_ultra_ps_e_0_0
INFO: [VRFC 10-2263] Analyzing Verilog file "/home/vinhphat-josh/Repos/Chaos_Based_Symmetric_Image_Encryption/vivado/Chaos_Based_Symmetric_Image_Encryption/Chaos_Based_Symmetric_Image_Encryption.ip_user_files/bd/design_1/ip/design_1_xbar_0/sim/design_1_xbar_0.v" into library xil_defaultlib
INFO: [VRFC 10-311] analyzing module design_1_xbar_0
INFO: [VRFC 10-2263] Analyzing Verilog file "/home/vinhphat-josh/Repos/Chaos_Based_Symmetric_Image_Encryption/vivado/Chaos_Based_Symmetric_Image_Encryption/Chaos_Based_Symmetric_Image_Encryption.ip_user_files/bd/design_1/ip/design_1_auto_ds_0/sim/design_1_auto_ds_0.v" into library xil_defaultlib
INFO: [VRFC 10-311] analyzing module design_1_auto_ds_0
INFO: [VRFC 10-2263] Analyzing Verilog file "/home/vinhphat-josh/Repos/Chaos_Based_Symmetric_Image_Encryption/vivado/Chaos_Based_Symmetric_Image_Encryption/Chaos_Based_Symmetric_Image_Encryption.ip_user_files/bd/design_1/ip/design_1_auto_pc_0/sim/design_1_auto_pc_0.v" into library xil_defaultlib
INFO: [VRFC 10-311] analyzing module design_1_auto_pc_0
INFO: [VRFC 10-2263] Analyzing Verilog file "/home/vinhphat-josh/Repos/Chaos_Based_Symmetric_Image_Encryption/vivado/Chaos_Based_Symmetric_Image_Encryption/Chaos_Based_Symmetric_Image_Encryption.ip_user_files/bd/design_1/ip/design_1_auto_ds_1/sim/design_1_auto_ds_1.v" into library xil_defaultlib
INFO: [VRFC 10-311] analyzing module design_1_auto_ds_1
INFO: [VRFC 10-2263] Analyzing Verilog file "/home/vinhphat-josh/Repos/Chaos_Based_Symmetric_Image_Encryption/vivado/Chaos_Based_Symmetric_Image_Encryption/Chaos_Based_Symmetric_Image_Encryption.ip_user_files/bd/design_1/ip/design_1_auto_pc_1/sim/design_1_auto_pc_1.v" into library xil_defaultlib
INFO: [VRFC 10-311] analyzing module design_1_auto_pc_1
INFO: [VRFC 10-2263] Analyzing Verilog file "/home/vinhphat-josh/Repos/Chaos_Based_Symmetric_Image_Encryption/vivado/Chaos_Based_Symmetric_Image_Encryption/Chaos_Based_Symmetric_Image_Encryption.ip_user_files/bd/design_1/Chaos_Based_Symmetric_Image_Encryption/Chaos_Based_Symmetric_Image_Encryption.srcs/sources_1/ip/floating_point_add/sim/floating_point_add.v" into library xil_defaultlib
INFO: [VRFC 10-311] analyzing module floating_point_add
INFO: [VRFC 10-2263] Analyzing Verilog file "/home/vinhphat-josh/Repos/Chaos_Based_Symmetric_Image_Encryption/vivado/Chaos_Based_Symmetric_Image_Encryption/Chaos_Based_Symmetric_Image_Encryption.ip_user_files/bd/design_1/Chaos_Based_Symmetric_Image_Encryption/Chaos_Based_Symmetric_Image_Encryption.srcs/sources_1/ip/floating_point_mul/sim/floating_point_mul.v" into library xil_defaultlib
INFO: [VRFC 10-311] analyzing module floating_point_mul
INFO: [VRFC 10-2263] Analyzing Verilog file "/home/vinhphat-josh/Repos/Chaos_Based_Symmetric_Image_Encryption/vivado/Chaos_Based_Symmetric_Image_Encryption/Chaos_Based_Symmetric_Image_Encryption.ip_user_files/bd/design_1/Chaos_Based_Symmetric_Image_Encryption/Chaos_Based_Symmetric_Image_Encryption.srcs/sources_1/ip/floating_point_div/sim/floating_point_div.v" into library xil_defaultlib
INFO: [VRFC 10-311] analyzing module floating_point_div
INFO: [VRFC 10-2263] Analyzing Verilog file "/home/vinhphat-josh/Repos/Chaos_Based_Symmetric_Image_Encryption/vivado/Chaos_Based_Symmetric_Image_Encryption/Chaos_Based_Symmetric_Image_Encryption.ip_user_files/bd/design_1/ipshared/6ad2/hdl/chaos_crypto_engine_v1_0_S00_AXI.v" into library xil_defaultlib
INFO: [VRFC 10-311] analyzing module chaos_crypto_engine_v1_0_S00_AXI
INFO: [VRFC 10-2263] Analyzing Verilog file "/home/vinhphat-josh/Repos/Chaos_Based_Symmetric_Image_Encryption/vivado/Chaos_Based_Symmetric_Image_Encryption/Chaos_Based_Symmetric_Image_Encryption.ip_user_files/bd/design_1/ipshared/6ad2/src/CTR_mode_feistel_encrypt.v" into library xil_defaultlib
INFO: [VRFC 10-311] analyzing module CTR_feistel_encrypt
INFO: [VRFC 10-2263] Analyzing Verilog file "/home/vinhphat-josh/Repos/Chaos_Based_Symmetric_Image_Encryption/vivado/Chaos_Based_Symmetric_Image_Encryption/Chaos_Based_Symmetric_Image_Encryption.ip_user_files/bd/design_1/ipshared/6ad2/src/Clock_gating.v" into library xil_defaultlib
INFO: [VRFC 10-311] analyzing module clock_gater
INFO: [VRFC 10-2263] Analyzing Verilog file "/home/vinhphat-josh/Repos/Chaos_Based_Symmetric_Image_Encryption/vivado/Chaos_Based_Symmetric_Image_Encryption/Chaos_Based_Symmetric_Image_Encryption.ip_user_files/bd/design_1/ipshared/6ad2/src/Crypto_Engine.v" into library xil_defaultlib
INFO: [VRFC 10-311] analyzing module crypto_engine_core
WARNING: [VRFC 10-3609] overwriting previous definition of module 'crypto_engine_core' [/home/vinhphat-josh/Repos/Chaos_Based_Symmetric_Image_Encryption/vivado/Chaos_Based_Symmetric_Image_Encryption/Chaos_Based_Symmetric_Image_Encryption.ip_user_files/bd/design_1/ipshared/6ad2/src/Crypto_Engine.v:1]
INFO: [VRFC 10-2263] Analyzing Verilog file "/home/vinhphat-josh/Repos/Chaos_Based_Symmetric_Image_Encryption/vivado/Chaos_Based_Symmetric_Image_Encryption/Chaos_Based_Symmetric_Image_Encryption.ip_user_files/bd/design_1/ipshared/6ad2/src/F.v" into library xil_defaultlib
INFO: [VRFC 10-311] analyzing module F
INFO: [VRFC 10-2263] Analyzing Verilog file "/home/vinhphat-josh/Repos/Chaos_Based_Symmetric_Image_Encryption/vivado/Chaos_Based_Symmetric_Image_Encryption/Chaos_Based_Symmetric_Image_Encryption.ip_user_files/bd/design_1/ipshared/6ad2/src/PRNG.v" into library xil_defaultlib
INFO: [VRFC 10-311] analyzing module PRNG
INFO: [VRFC 10-2263] Analyzing Verilog file "/home/vinhphat-josh/Repos/Chaos_Based_Symmetric_Image_Encryption/vivado/Chaos_Based_Symmetric_Image_Encryption/Chaos_Based_Symmetric_Image_Encryption.ip_user_files/bd/design_1/ipshared/6ad2/src/addroundkey.v" into library xil_defaultlib
INFO: [VRFC 10-311] analyzing module addroundkey
INFO: [VRFC 10-2263] Analyzing Verilog file "/home/vinhphat-josh/Repos/Chaos_Based_Symmetric_Image_Encryption/vivado/Chaos_Based_Symmetric_Image_Encryption/Chaos_Based_Symmetric_Image_Encryption.ip_user_files/bd/design_1/ipshared/6ad2/src/affine_transform.v" into library xil_defaultlib
INFO: [VRFC 10-311] analyzing module affine_transform
INFO: [VRFC 10-2263] Analyzing Verilog file "/home/vinhphat-josh/Repos/Chaos_Based_Symmetric_Image_Encryption/vivado/Chaos_Based_Symmetric_Image_Encryption/Chaos_Based_Symmetric_Image_Encryption.ip_user_files/bd/design_1/ipshared/6ad2/src/extractor.v" into library xil_defaultlib
INFO: [VRFC 10-311] analyzing module extractor
INFO: [VRFC 10-2263] Analyzing Verilog file "/home/vinhphat-josh/Repos/Chaos_Based_Symmetric_Image_Encryption/vivado/Chaos_Based_Symmetric_Image_Encryption/Chaos_Based_Symmetric_Image_Encryption.ip_user_files/bd/design_1/ipshared/6ad2/src/feistel_encrypt.v" into library xil_defaultlib
INFO: [VRFC 10-311] analyzing module feistel_encrypt
INFO: [VRFC 10-2263] Analyzing Verilog file "/home/vinhphat-josh/Repos/Chaos_Based_Symmetric_Image_Encryption/vivado/Chaos_Based_Symmetric_Image_Encryption/Chaos_Based_Symmetric_Image_Encryption.ip_user_files/bd/design_1/ipshared/6ad2/src/key_generator.v" into library xil_defaultlib
INFO: [VRFC 10-311] analyzing module key_generator
INFO: [VRFC 10-2263] Analyzing Verilog file "/home/vinhphat-josh/Repos/Chaos_Based_Symmetric_Image_Encryption/vivado/Chaos_Based_Symmetric_Image_Encryption/Chaos_Based_Symmetric_Image_Encryption.ip_user_files/bd/design_1/ipshared/6ad2/src/mixcolumns.v" into library xil_defaultlib
INFO: [VRFC 10-311] analyzing module mixcolumns
INFO: [VRFC 10-2263] Analyzing Verilog file "/home/vinhphat-josh/Repos/Chaos_Based_Symmetric_Image_Encryption/vivado/Chaos_Based_Symmetric_Image_Encryption/Chaos_Based_Symmetric_Image_Encryption.ip_user_files/bd/design_1/ipshared/6ad2/src/mixer.v" into library xil_defaultlib
INFO: [VRFC 10-311] analyzing module mixer
INFO: [VRFC 10-2263] Analyzing Verilog file "/home/vinhphat-josh/Repos/Chaos_Based_Symmetric_Image_Encryption/vivado/Chaos_Based_Symmetric_Image_Encryption/Chaos_Based_Symmetric_Image_Encryption.ip_user_files/bd/design_1/ipshared/6ad2/src/sawtooth.v" into library xil_defaultlib
INFO: [VRFC 10-311] analyzing module sawtooth
INFO: [VRFC 10-2263] Analyzing Verilog file "/home/vinhphat-josh/Repos/Chaos_Based_Symmetric_Image_Encryption/vivado/Chaos_Based_Symmetric_Image_Encryption/Chaos_Based_Symmetric_Image_Encryption.ip_user_files/bd/design_1/ipshared/6ad2/src/sbox_generator.v" into library xil_defaultlib
INFO: [VRFC 10-311] analyzing module sbox_generator
INFO: [VRFC 10-2263] Analyzing Verilog file "/home/vinhphat-josh/Repos/Chaos_Based_Symmetric_Image_Encryption/vivado/Chaos_Based_Symmetric_Image_Encryption/Chaos_Based_Symmetric_Image_Encryption.ip_user_files/bd/design_1/ipshared/6ad2/src/shiftrows.v" into library xil_defaultlib
INFO: [VRFC 10-311] analyzing module shiftrows
INFO: [VRFC 10-2263] Analyzing Verilog file "/home/vinhphat-josh/Repos/Chaos_Based_Symmetric_Image_Encryption/vivado/Chaos_Based_Symmetric_Image_Encryption/Chaos_Based_Symmetric_Image_Encryption.ip_user_files/bd/design_1/ipshared/6ad2/src/subbytes.v" into library xil_defaultlib
INFO: [VRFC 10-311] analyzing module subbytes
